[2025-12-03 09:57:15,026][base_simulator][INFO] - Running a simulator of class <class '__main__.Simulator'> -- instance: 1, initial point: a
[2025-12-03 09:57:15,028][base_simulator][INFO] - Running a problem coordinator of class <class 'coordinator.Coordinator'>
[2025-12-03 09:57:15,028][base_simulator][INFO] - Finished running a problem coordinator of class <class 'coordinator.Coordinator'>
[2025-12-03 09:57:15,031][base_simulator][INFO] - Running a solver of class <class 'RSQO.RSQO'>
[2025-12-03 10:04:20,038][base_simulator][INFO] - Finished running a solver of class <class 'RSQO.RSQO'>
[2025-12-03 10:04:20,040][base_simulator][INFO] - Running a solver of class <class 'RIPM.RIPM'>
[2025-12-03 10:08:44,898][base_simulator][INFO] - Finished running a solver of class <class 'RIPM.RIPM'>
[2025-12-03 10:08:44,905][base_simulator][INFO] - Running a solver of class <class 'RIPTRM.RIPTRM'>
[2025-12-03 10:14:36,175][base_simulator][INFO] - Finished running a solver of class <class 'RIPTRM.RIPTRM'>
[2025-12-03 10:14:36,177][base_simulator][INFO] - Running a solver of class <class 'RALM.RALM'>
[2025-12-03 10:19:24,774][base_simulator][INFO] - Finished running a solver of class <class 'RALM.RALM'>
[2025-12-03 10:19:24,775][base_simulator][INFO] - Finished running a simulator of class <class '__main__.Simulator'> -- instance: 1, initial point: a
[2025-12-03 10:20:53,938][base_simulator][INFO] - Running a simulator of class <class '__main__.Simulator'> -- instance: 1, initial point: a
[2025-12-03 10:20:53,939][base_simulator][INFO] - Running a problem coordinator of class <class 'coordinator.Coordinator'>
[2025-12-03 10:20:53,940][base_simulator][INFO] - Finished running a problem coordinator of class <class 'coordinator.Coordinator'>
[2025-12-03 10:20:53,943][base_simulator][INFO] - Running a solver of class <class 'RSQO.RSQO'>
[2025-12-03 10:28:12,147][base_simulator][INFO] - Finished running a solver of class <class 'RSQO.RSQO'>
[2025-12-03 10:28:12,149][base_simulator][INFO] - Running a solver of class <class 'RIPTRM.RIPTRM'>
[2025-12-03 10:35:16,605][base_simulator][INFO] - Finished running a solver of class <class 'RIPTRM.RIPTRM'>
[2025-12-03 10:35:16,605][base_simulator][INFO] - Finished running a simulator of class <class '__main__.Simulator'> -- instance: 1, initial point: a
