[2023-12-31 13:03:24,722][dataset_generator][INFO] - Running a dataset generator of class <class '__main__.XstarGenerator'> -- instance: 1
[2023-12-31 13:03:51,716][dataset_generator][INFO] - Running a dataset generator of class <class '__main__.XstarGenerator'> -- instance: 1
[2023-12-31 13:04:01,740][dataset_generator][INFO] - Running a dataset generator of class <class '__main__.XstarGenerator'> -- instance: 1
[2023-12-31 13:20:16,879][dataset_generator][INFO] - Running a dataset generator of class <class '__main__.XstarGenerator'> -- instance: 1
[2023-12-31 13:22:44,651][dataset_generator][INFO] - Running a dataset generator of class <class '__main__.XstarGenerator'> -- instance: 1
[2023-12-31 13:22:52,340][dataset_generator][INFO] - Running a dataset generator of class <class '__main__.XstarGenerator'> -- instance: 1
[2023-12-31 13:23:08,306][dataset_generator][INFO] - Running a dataset generator of class <class '__main__.XstarGenerator'> -- instance: 1
[2023-12-31 13:24:01,986][dataset_generator][INFO] - Running a dataset generator of class <class '__main__.XstarGenerator'> -- instance: 1
[2023-12-31 13:24:39,445][dataset_generator][INFO] - Running a dataset generator of class <class '__main__.XstarGenerator'> -- instance: 1
[2023-12-31 13:25:23,099][dataset_generator][INFO] - Running a dataset generator of class <class '__main__.XstarGenerator'> -- instance: 1
[2023-12-31 13:27:04,966][dataset_generator][INFO] - Running a dataset generator of class <class '__main__.XstarGenerator'> -- instance: 1
[2023-12-31 13:27:58,243][dataset_generator][INFO] - Running a dataset generator of class <class '__main__.XstarGenerator'> -- instance: 1
[2023-12-31 13:28:12,641][dataset_generator][INFO] - Running a dataset generator of class <class '__main__.XstarGenerator'> -- instance: 1
[2023-12-31 13:28:15,540][dataset_generator][INFO] - Running a dataset generator of class <class '__main__.XstarGenerator'> -- instance: 1
[2023-12-31 13:28:37,998][dataset_generator][INFO] - Running a dataset generator of class <class '__main__.XstarGenerator'> -- instance: 1
[2023-12-31 13:29:51,587][dataset_generator][INFO] - Running a dataset generator of class <class '__main__.XstarGenerator'> -- instance: 1
[2023-12-31 13:30:38,997][dataset_generator][INFO] - Running a dataset generator of class <class '__main__.XstarGenerator'> -- instance: 1
[2023-12-31 13:31:01,137][dataset_generator][INFO] - Running a dataset generator of class <class '__main__.XstarGenerator'> -- instance: 1
[2023-12-31 13:31:17,943][dataset_generator][INFO] - Running a dataset generator of class <class '__main__.XstarGenerator'> -- instance: 1
[2023-12-31 13:31:40,693][dataset_generator][INFO] - Running a dataset generator of class <class '__main__.XstarGenerator'> -- instance: 1
[2023-12-31 13:31:51,779][dataset_generator][INFO] - Running a dataset generator of class <class '__main__.XstarGenerator'> -- instance: 1
[2023-12-31 13:31:54,815][dataset_generator][INFO] - Running a dataset generator of class <class '__main__.XstarGenerator'> -- instance: 1
[2023-12-31 13:32:39,499][dataset_generator][INFO] - Running a dataset generator of class <class '__main__.XstarGenerator'> -- instance: 1
[2023-12-31 13:32:46,691][dataset_generator][INFO] - Running a dataset generator of class <class '__main__.XstarGenerator'> -- instance: 1
[2023-12-31 13:33:11,101][dataset_generator][INFO] - Running a dataset generator of class <class '__main__.XstarGenerator'> -- instance: 1
[2023-12-31 13:33:36,907][dataset_generator][INFO] - Running a dataset generator of class <class '__main__.XstarGenerator'> -- instance: 1
[2023-12-31 13:33:42,003][dataset_generator][INFO] - Running a dataset generator of class <class '__main__.XstarGenerator'> -- instance: 1
[2023-12-31 13:47:02,896][dataset_generator][INFO] - Running a dataset generator of class <class '__main__.XstarGenerator'> -- instance: 1
[2023-12-31 13:47:18,210][dataset_generator][INFO] - Running a dataset generator of class <class '__main__.XstarGenerator'> -- instance: 1
[2023-12-31 13:49:21,958][dataset_generator][INFO] - Running a dataset generator of class <class '__main__.XstarGenerator'> -- instance: 1
[2023-12-31 13:49:45,553][dataset_generator][INFO] - Running a dataset generator of class <class '__main__.XstarGenerator'> -- instance: 1
[2023-12-31 13:50:05,165][dataset_generator][INFO] - Running a dataset generator of class <class '__main__.XstarGenerator'> -- instance: 1
[2023-12-31 13:55:43,091][dataset_generator][INFO] - Running a dataset generator of class <class '__main__.XstarCGenerator'> -- instance: 1
[2023-12-31 13:56:05,363][dataset_generator][INFO] - Running a dataset generator of class <class '__main__.XstarCGenerator'> -- instance: 1
[2023-12-31 13:56:05,366][dataset_generator][INFO] - Running a dataset generator of class <class '__main__.VGenerator'> -- instance: 1
[2023-12-31 13:56:31,620][dataset_generator][INFO] - Running a dataset generator of class <class '__main__.XstarCGenerator'> -- instance: 1
[2023-12-31 13:56:31,623][dataset_generator][INFO] - Running a dataset generator of class <class '__main__.VGenerator'> -- instance: 1
[2023-12-31 14:06:15,325][dataset_generator][INFO] - Running a dataset generator of class <class '__main__.XstarCGenerator'> -- instance: 1
[2023-12-31 14:06:15,329][dataset_generator][INFO] - Running a dataset generator of class <class '__main__.VGenerator'> -- instance: 1
[2023-12-31 14:06:15,330][dataset_generator][INFO] - Running a dataset generator of class <class '__main__.InitialPointGenerator'> -- instance: 1
[2023-12-31 14:06:45,088][dataset_generator][INFO] - Running a dataset generator of class <class '__main__.XstarCGenerator'> -- instance: 1
[2023-12-31 14:06:45,092][dataset_generator][INFO] - Running a dataset generator of class <class '__main__.VGenerator'> -- instance: 1
[2023-12-31 14:06:45,093][dataset_generator][INFO] - Running a dataset generator of class <class '__main__.InitialPointGenerator'> -- instance: 1
[2023-12-31 19:29:27,334][dataset_generator][INFO] - Running a dataset generator of class <class '__main__.XstarCGenerator'> -- instance: 1
[2023-12-31 19:29:27,338][dataset_generator][INFO] - Running a dataset generator of class <class '__main__.VGenerator'> -- instance: 1
[2023-12-31 19:29:27,339][dataset_generator][INFO] - Running a dataset generator of class <class '__main__.InitialPointGenerator'> -- instance: 1
[2023-12-31 19:29:27,346][dataset_generator][INFO] - Running a dataset generator of class <class '__main__.InitialIneqLagMultGenerator'> -- instance: 1
[2023-12-31 19:29:27,348][dataset_generator][INFO] - Running a dataset generator of class <class '__main__.InitialEqLagMultGenerator'> -- instance: 1
[2023-12-31 19:35:49,319][dataset_generator][INFO] - Running a dataset generator of class <class '__main__.XstarCGenerator'> -- instance: 1
[2023-12-31 19:35:49,323][dataset_generator][INFO] - Running a dataset generator of class <class '__main__.VGenerator'> -- instance: 1
[2023-12-31 19:35:49,324][dataset_generator][INFO] - Running a dataset generator of class <class '__main__.InitialPointGenerator'> -- instance: 1
[2023-12-31 19:35:49,327][dataset_generator][INFO] - Running a dataset generator of class <class '__main__.InitialIneqLagMultGenerator'> -- instance: 1
[2023-12-31 19:35:49,329][dataset_generator][INFO] - Running a dataset generator of class <class '__main__.InitialEqLagMultGenerator'> -- instance: 1
[2023-12-31 20:27:55,127][dataset_generator][INFO] - Running a dataset generator of class <class '__main__.XstarCGenerator'> -- instance: 1
[2023-12-31 20:27:55,131][dataset_generator][INFO] - Running a dataset generator of class <class '__main__.VGenerator'> -- instance: 1
[2023-12-31 20:27:55,132][dataset_generator][INFO] - Running a dataset generator of class <class '__main__.InitialPointGenerator'> -- instance: 1
[2023-12-31 20:27:55,135][dataset_generator][INFO] - Running a dataset generator of class <class '__main__.InitialIneqLagMultGenerator'> -- instance: 1
[2023-12-31 20:27:55,136][dataset_generator][INFO] - Running a dataset generator of class <class '__main__.InitialEqLagMultGenerator'> -- instance: 1
[2023-12-31 20:29:13,275][dataset_generator][INFO] - Running a dataset generator of class <class '__main__.XstarCGenerator'> -- instance: 1
[2023-12-31 20:29:13,277][dataset_generator][INFO] - Running a dataset generator of class <class '__main__.VGenerator'> -- instance: 1
[2023-12-31 20:29:13,278][dataset_generator][INFO] - Running a dataset generator of class <class '__main__.InitialPointGenerator'> -- instance: 1
[2023-12-31 20:29:13,281][dataset_generator][INFO] - Running a dataset generator of class <class '__main__.InitialIneqLagMultGenerator'> -- instance: 1
[2023-12-31 20:29:13,282][dataset_generator][INFO] - Running a dataset generator of class <class '__main__.InitialEqLagMultGenerator'> -- instance: 1
[2023-12-31 21:01:33,506][dataset_generator][INFO] - Running a dataset generator of class <class '__main__.XstarCGenerator'> -- instance: 1
[2023-12-31 21:01:33,509][dataset_generator][INFO] - Running a dataset generator of class <class '__main__.VGenerator'> -- instance: 1
[2023-12-31 21:01:33,510][dataset_generator][INFO] - Running a dataset generator of class <class '__main__.InitialPointGenerator'> -- instance: 1
[2023-12-31 21:01:33,514][dataset_generator][INFO] - Running a dataset generator of class <class '__main__.InitialIneqLagMultGenerator'> -- instance: 1
[2023-12-31 21:01:33,515][dataset_generator][INFO] - Running a dataset generator of class <class '__main__.InitialEqLagMultGenerator'> -- instance: 1
[2024-10-21 19:07:40,963][dataset_generator][INFO] - Running a dataset generator of class <class '__main__.XstarCGenerator'> -- instance: 1
[2024-10-21 19:07:40,969][dataset_generator][INFO] - Running a dataset generator of class <class '__main__.VGenerator'> -- instance: 1
[2024-10-21 19:07:40,970][dataset_generator][INFO] - Running a dataset generator of class <class '__main__.InitialPointGenerator'> -- instance: 1
[2024-10-21 19:07:40,974][dataset_generator][INFO] - Running a dataset generator of class <class '__main__.InitialIneqLagMultGenerator'> -- instance: 1
[2024-10-21 19:07:40,975][dataset_generator][INFO] - Running a dataset generator of class <class '__main__.InitialEqLagMultGenerator'> -- instance: 1
[2024-10-21 19:09:05,140][dataset_generator][INFO] - Running a dataset generator of class <class '__main__.XstarCGenerator'> -- instance: 1
[2024-10-21 19:09:05,147][dataset_generator][INFO] - Running a dataset generator of class <class '__main__.VGenerator'> -- instance: 1
[2024-10-21 19:09:05,148][dataset_generator][INFO] - Running a dataset generator of class <class '__main__.InitialPointGenerator'> -- instance: 1
[2024-10-21 19:09:05,151][dataset_generator][INFO] - Running a dataset generator of class <class '__main__.InitialIneqLagMultGenerator'> -- instance: 1
[2024-10-21 19:09:05,153][dataset_generator][INFO] - Running a dataset generator of class <class '__main__.InitialEqLagMultGenerator'> -- instance: 1
