[2024-11-19 22:06:58,655][base_simulator][INFO] - Running a simulator of class <class 'base_simulator.Simulator'> -- instance: 1, initial point: a
[2024-11-19 22:06:59,155][base_simulator][INFO] - Running a problem coordinator of class <class 'coordinator.Coordinator'>
[2024-11-19 22:06:59,158][base_simulator][INFO] - Finished running a problem coordinator of class <class 'coordinator.Coordinator'>
[2024-11-19 22:07:01,791][base_simulator][INFO] - Running a solver of class <class 'RALM.RALM'>
[2024-11-19 22:07:30,479][base_simulator][INFO] - Running a simulator of class <class 'base_simulator.Simulator'> -- instance: 1, initial point: a
[2024-11-19 22:07:30,952][base_simulator][INFO] - Running a problem coordinator of class <class 'coordinator.Coordinator'>
[2024-11-19 22:07:30,954][base_simulator][INFO] - Finished running a problem coordinator of class <class 'coordinator.Coordinator'>
[2024-11-19 22:07:31,591][base_simulator][INFO] - Running a solver of class <class 'RALM.RALM'>
[2024-11-19 22:11:44,144][base_simulator][INFO] - Running a simulator of class <class 'base_simulator.Simulator'> -- instance: 1, initial point: a
[2024-11-19 22:11:44,637][base_simulator][INFO] - Running a problem coordinator of class <class 'coordinator.Coordinator'>
[2024-11-19 22:11:44,639][base_simulator][INFO] - Finished running a problem coordinator of class <class 'coordinator.Coordinator'>
[2024-11-19 22:11:45,327][base_simulator][INFO] - Running a solver of class <class 'RALM.RALM'>
[2024-11-19 22:25:34,265][base_simulator][INFO] - Running a simulator of class <class 'base_simulator.Simulator'> -- instance: 1, initial point: a
[2024-11-19 22:25:34,762][base_simulator][INFO] - Running a problem coordinator of class <class 'coordinator.Coordinator'>
[2024-11-19 22:25:34,765][base_simulator][INFO] - Finished running a problem coordinator of class <class 'coordinator.Coordinator'>
[2024-11-19 22:25:35,341][base_simulator][INFO] - Running a solver of class <class 'RALM.RALM'>
[2024-11-25 14:52:45,414][base_simulator][INFO] - Running a simulator of class <class 'base_simulator.Simulator'> -- instance: 1, initial point: a
[2024-11-25 14:52:46,402][base_simulator][INFO] - Running a problem coordinator of class <class 'coordinator.Coordinator'>
[2024-11-25 14:52:46,405][base_simulator][INFO] - Finished running a problem coordinator of class <class 'coordinator.Coordinator'>
[2024-11-25 14:52:46,410][base_simulator][INFO] - Running a solver of class <class 'RALM.RALM'>
[2024-11-25 14:52:56,439][base_simulator][INFO] - Finished running a solver of class <class 'RALM.RALM'>
[2024-11-25 14:52:56,457][base_simulator][INFO] - Running a solver of class <class 'RSQO.RSQO'>
[2024-11-25 14:52:56,954][base_simulator][INFO] - Finished running a solver of class <class 'RSQO.RSQO'>
[2024-11-25 14:52:56,961][base_simulator][INFO] - Running a solver of class <class 'RIPM.RIPM'>
[2024-11-25 14:53:41,712][base_simulator][INFO] - Running a simulator of class <class 'base_simulator.Simulator'> -- instance: 1, initial point: a
[2024-11-25 14:53:42,452][base_simulator][INFO] - Running a problem coordinator of class <class 'coordinator.Coordinator'>
[2024-11-25 14:53:42,454][base_simulator][INFO] - Finished running a problem coordinator of class <class 'coordinator.Coordinator'>
[2024-11-25 14:53:42,520][base_simulator][INFO] - Running a solver of class <class 'RIPTRM.RIPTRM'>
[2024-11-25 14:54:36,653][base_simulator][INFO] - Running a simulator of class <class 'base_simulator.Simulator'> -- instance: 1, initial point: a
[2024-11-25 14:54:37,575][base_simulator][INFO] - Running a problem coordinator of class <class 'coordinator.Coordinator'>
[2024-11-25 14:54:37,577][base_simulator][INFO] - Finished running a problem coordinator of class <class 'coordinator.Coordinator'>
[2024-11-25 14:54:37,629][base_simulator][INFO] - Running a solver of class <class 'RIPTRM.RIPTRM'>
[2024-11-25 14:55:42,187][base_simulator][INFO] - Running a simulator of class <class 'base_simulator.Simulator'> -- instance: 1, initial point: a
[2024-11-25 14:55:42,955][base_simulator][INFO] - Running a problem coordinator of class <class 'coordinator.Coordinator'>
[2024-11-25 14:55:42,957][base_simulator][INFO] - Finished running a problem coordinator of class <class 'coordinator.Coordinator'>
[2024-11-25 14:55:43,009][base_simulator][INFO] - Running a solver of class <class 'RIPTRM.RIPTRM'>
[2024-11-25 14:55:56,413][base_simulator][INFO] - Finished running a solver of class <class 'RIPTRM.RIPTRM'>
[2024-11-25 14:55:56,413][base_simulator][INFO] - Finished running a simulator of class <class 'base_simulator.Simulator'> -- instance: 1, initial point: a
[2024-11-25 15:00:56,909][base_simulator][INFO] - Running a simulator of class <class 'base_simulator.Simulator'> -- instance: 1, initial point: a
[2024-11-25 15:00:57,968][base_simulator][INFO] - Running a problem coordinator of class <class 'coordinator.Coordinator'>
[2024-11-25 15:00:57,971][base_simulator][INFO] - Finished running a problem coordinator of class <class 'coordinator.Coordinator'>
[2024-11-25 15:00:58,138][base_simulator][INFO] - Running a solver of class <class 'RIPTRM.RIPTRM'>
[2024-11-25 15:01:11,624][base_simulator][INFO] - Finished running a solver of class <class 'RIPTRM.RIPTRM'>
[2024-11-25 15:01:11,624][base_simulator][INFO] - Finished running a simulator of class <class 'base_simulator.Simulator'> -- instance: 1, initial point: a
[2024-11-25 15:07:33,255][base_simulator][INFO] - Running a simulator of class <class 'base_simulator.Simulator'> -- instance: 2, initial point: a
[2024-11-25 15:07:34,255][base_simulator][INFO] - Running a problem coordinator of class <class 'coordinator.Coordinator'>
[2024-11-25 15:07:34,366][base_simulator][INFO] - Finished running a problem coordinator of class <class 'coordinator.Coordinator'>
[2024-11-25 15:07:34,408][base_simulator][INFO] - Running a solver of class <class 'RIPTRM.RIPTRM'>
[2024-11-25 15:09:52,423][base_simulator][INFO] - Running a simulator of class <class 'base_simulator.Simulator'> -- instance: 2, initial point: a
[2024-11-25 15:09:53,167][base_simulator][INFO] - Running a problem coordinator of class <class 'coordinator.Coordinator'>
[2024-11-25 15:09:53,273][base_simulator][INFO] - Finished running a problem coordinator of class <class 'coordinator.Coordinator'>
[2024-11-25 15:09:53,295][base_simulator][INFO] - Running a solver of class <class 'RIPTRM.RIPTRM'>
[2024-11-25 15:10:33,860][base_simulator][INFO] - Running a simulator of class <class 'base_simulator.Simulator'> -- instance: 2, initial point: a
[2024-11-25 15:10:34,506][base_simulator][INFO] - Running a problem coordinator of class <class 'coordinator.Coordinator'>
[2024-11-25 15:10:34,606][base_simulator][INFO] - Finished running a problem coordinator of class <class 'coordinator.Coordinator'>
[2024-11-25 15:10:34,643][base_simulator][INFO] - Running a solver of class <class 'RSQO.RSQO'>
[2024-11-25 15:11:46,069][base_simulator][INFO] - Running a simulator of class <class 'base_simulator.Simulator'> -- instance: 2, initial point: a
[2024-11-25 15:11:46,634][base_simulator][INFO] - Running a problem coordinator of class <class 'coordinator.Coordinator'>
[2024-11-25 15:11:46,735][base_simulator][INFO] - Finished running a problem coordinator of class <class 'coordinator.Coordinator'>
[2024-11-25 15:11:46,738][base_simulator][INFO] - Running a solver of class <class 'RALM.RALM'>
[2024-11-25 15:12:58,061][base_simulator][INFO] - Running a simulator of class <class 'base_simulator.Simulator'> -- instance: 2, initial point: a
[2024-11-25 15:12:58,806][base_simulator][INFO] - Running a problem coordinator of class <class 'coordinator.Coordinator'>
[2024-11-25 15:12:58,808][base_simulator][INFO] - Finished running a problem coordinator of class <class 'coordinator.Coordinator'>
[2024-11-25 15:12:58,810][base_simulator][INFO] - Running a solver of class <class 'RALM.RALM'>
[2024-11-25 15:13:19,136][base_simulator][INFO] - Finished running a solver of class <class 'RALM.RALM'>
[2024-11-25 15:13:19,136][base_simulator][INFO] - Finished running a simulator of class <class 'base_simulator.Simulator'> -- instance: 2, initial point: a
[2024-11-25 15:13:32,981][base_simulator][INFO] - Running a simulator of class <class 'base_simulator.Simulator'> -- instance: 2, initial point: a
[2024-11-25 15:13:33,752][base_simulator][INFO] - Running a problem coordinator of class <class 'coordinator.Coordinator'>
[2024-11-25 15:13:33,756][base_simulator][INFO] - Finished running a problem coordinator of class <class 'coordinator.Coordinator'>
[2024-11-25 15:13:33,773][base_simulator][INFO] - Running a solver of class <class 'RSQO.RSQO'>
[2024-11-25 15:13:55,128][base_simulator][INFO] - Finished running a solver of class <class 'RSQO.RSQO'>
[2024-11-25 15:13:55,128][base_simulator][INFO] - Finished running a simulator of class <class 'base_simulator.Simulator'> -- instance: 2, initial point: a
[2024-11-25 15:13:59,343][base_simulator][INFO] - Running a simulator of class <class 'base_simulator.Simulator'> -- instance: 2, initial point: a
[2024-11-25 15:14:00,033][base_simulator][INFO] - Running a problem coordinator of class <class 'coordinator.Coordinator'>
[2024-11-25 15:14:00,037][base_simulator][INFO] - Finished running a problem coordinator of class <class 'coordinator.Coordinator'>
[2024-11-25 15:14:00,085][base_simulator][INFO] - Running a solver of class <class 'RIPTRM.RIPTRM'>
[2024-11-25 15:14:41,438][base_simulator][INFO] - Running a simulator of class <class 'base_simulator.Simulator'> -- instance: 2, initial point: a
[2024-11-25 15:14:42,157][base_simulator][INFO] - Running a problem coordinator of class <class 'coordinator.Coordinator'>
[2024-11-25 15:14:42,161][base_simulator][INFO] - Finished running a problem coordinator of class <class 'coordinator.Coordinator'>
[2024-11-25 15:14:42,183][base_simulator][INFO] - Running a solver of class <class 'RIPTRM.RIPTRM'>
[2024-11-25 15:18:11,497][base_simulator][INFO] - Running a simulator of class <class 'base_simulator.Simulator'> -- instance: 2, initial point: a
[2024-11-25 15:18:12,332][base_simulator][INFO] - Running a problem coordinator of class <class 'coordinator.Coordinator'>
[2024-11-25 15:18:12,335][base_simulator][INFO] - Finished running a problem coordinator of class <class 'coordinator.Coordinator'>
[2024-11-25 15:18:12,356][base_simulator][INFO] - Running a solver of class <class 'RIPTRM.RIPTRM'>
[2024-11-25 15:18:25,005][base_simulator][INFO] - Running a simulator of class <class 'base_simulator.Simulator'> -- instance: 2, initial point: a
[2024-11-25 15:18:25,775][base_simulator][INFO] - Running a problem coordinator of class <class 'coordinator.Coordinator'>
[2024-11-25 15:18:25,779][base_simulator][INFO] - Finished running a problem coordinator of class <class 'coordinator.Coordinator'>
[2024-11-25 15:18:25,798][base_simulator][INFO] - Running a solver of class <class 'RIPTRM.RIPTRM'>
[2024-11-25 15:23:59,567][base_simulator][INFO] - Running a simulator of class <class 'base_simulator.Simulator'> -- instance: 2, initial point: a
[2024-11-25 15:24:00,728][base_simulator][INFO] - Running a problem coordinator of class <class 'coordinator.Coordinator'>
[2024-11-25 15:24:00,750][base_simulator][INFO] - Finished running a problem coordinator of class <class 'coordinator.Coordinator'>
[2024-11-25 15:24:00,955][base_simulator][INFO] - Running a solver of class <class 'RIPTRM.RIPTRM'>
[2024-11-25 15:24:48,872][base_simulator][INFO] - Running a simulator of class <class 'base_simulator.Simulator'> -- instance: 2, initial point: a
[2024-11-25 15:24:49,868][base_simulator][INFO] - Running a problem coordinator of class <class 'coordinator.Coordinator'>
[2024-11-25 15:24:49,872][base_simulator][INFO] - Finished running a problem coordinator of class <class 'coordinator.Coordinator'>
[2024-11-25 15:24:49,954][base_simulator][INFO] - Running a solver of class <class 'RIPTRM.RIPTRM'>
[2024-11-25 15:25:16,806][base_simulator][INFO] - Finished running a solver of class <class 'RIPTRM.RIPTRM'>
[2024-11-25 15:25:16,806][base_simulator][INFO] - Finished running a simulator of class <class 'base_simulator.Simulator'> -- instance: 2, initial point: a
[2024-11-25 15:25:23,518][base_simulator][INFO] - Running a simulator of class <class 'base_simulator.Simulator'> -- instance: 2, initial point: a
[2024-11-25 15:25:24,168][base_simulator][INFO] - Running a problem coordinator of class <class 'coordinator.Coordinator'>
[2024-11-25 15:25:24,172][base_simulator][INFO] - Finished running a problem coordinator of class <class 'coordinator.Coordinator'>
[2024-11-25 15:25:24,194][base_simulator][INFO] - Running a solver of class <class 'RIPTRM.RIPTRM'>
[2024-11-25 15:27:36,388][base_simulator][INFO] - Finished running a solver of class <class 'RIPTRM.RIPTRM'>
[2024-11-25 15:27:36,388][base_simulator][INFO] - Finished running a simulator of class <class 'base_simulator.Simulator'> -- instance: 2, initial point: a
[2024-11-25 15:56:53,379][base_simulator][INFO] - Running a simulator of class <class 'base_simulator.Simulator'> -- instance: 2, initial point: a
[2024-11-25 15:56:54,813][base_simulator][INFO] - Running a problem coordinator of class <class 'coordinator.Coordinator'>
[2024-11-25 15:56:54,817][base_simulator][INFO] - Finished running a problem coordinator of class <class 'coordinator.Coordinator'>
[2024-11-25 15:56:54,918][base_simulator][INFO] - Running a solver of class <class 'RIPTRM.RIPTRM'>
[2024-11-25 15:58:38,711][base_simulator][INFO] - Running a simulator of class <class 'base_simulator.Simulator'> -- instance: 2, initial point: a
[2024-11-25 15:58:39,624][base_simulator][INFO] - Running a problem coordinator of class <class 'coordinator.Coordinator'>
[2024-11-25 15:58:39,628][base_simulator][INFO] - Finished running a problem coordinator of class <class 'coordinator.Coordinator'>
[2024-11-25 15:58:39,690][base_simulator][INFO] - Running a solver of class <class 'RSQO.RSQO'>
[2024-11-25 15:59:00,611][base_simulator][INFO] - Finished running a solver of class <class 'RSQO.RSQO'>
[2024-11-25 15:59:00,611][base_simulator][INFO] - Finished running a simulator of class <class 'base_simulator.Simulator'> -- instance: 2, initial point: a
[2024-11-25 15:59:40,269][base_simulator][INFO] - Running a simulator of class <class 'base_simulator.Simulator'> -- instance: 2, initial point: a
[2024-11-25 15:59:40,824][base_simulator][INFO] - Running a problem coordinator of class <class 'coordinator.Coordinator'>
[2024-11-25 15:59:40,826][base_simulator][INFO] - Finished running a problem coordinator of class <class 'coordinator.Coordinator'>
[2024-11-25 15:59:40,834][base_simulator][INFO] - Running a solver of class <class 'RSQO.RSQO'>
[2024-11-25 16:00:11,486][base_simulator][INFO] - Running a simulator of class <class 'base_simulator.Simulator'> -- instance: 2, initial point: a
[2024-11-25 16:00:12,219][base_simulator][INFO] - Running a problem coordinator of class <class 'coordinator.Coordinator'>
[2024-11-25 16:00:12,222][base_simulator][INFO] - Finished running a problem coordinator of class <class 'coordinator.Coordinator'>
[2024-11-25 16:00:12,235][base_simulator][INFO] - Running a solver of class <class 'RSQO.RSQO'>
[2024-11-25 16:00:54,506][base_simulator][INFO] - Finished running a solver of class <class 'RSQO.RSQO'>
[2024-11-25 16:00:54,506][base_simulator][INFO] - Finished running a simulator of class <class 'base_simulator.Simulator'> -- instance: 2, initial point: a
[2024-11-25 19:02:14,772][base_simulator][INFO] - Running a simulator of class <class 'base_simulator.Simulator'> -- instance: 2, initial point: a
[2024-11-25 19:02:15,488][base_simulator][INFO] - Running a problem coordinator of class <class 'coordinator.Coordinator'>
[2024-11-25 19:02:15,492][base_simulator][INFO] - Finished running a problem coordinator of class <class 'coordinator.Coordinator'>
[2024-11-25 19:02:15,560][base_simulator][INFO] - Running a solver of class <class 'RSQO.RSQO'>
[2024-11-25 19:02:57,100][base_simulator][INFO] - Finished running a solver of class <class 'RSQO.RSQO'>
[2024-11-25 19:02:57,100][base_simulator][INFO] - Finished running a simulator of class <class 'base_simulator.Simulator'> -- instance: 2, initial point: a
[2024-11-25 22:24:05,959][base_simulator][INFO] - Running a simulator of class <class 'base_simulator.Simulator'> -- instance: 2, initial point: a
[2024-11-25 22:24:06,784][base_simulator][INFO] - Running a problem coordinator of class <class 'coordinator.Coordinator'>
[2024-11-25 22:24:06,789][base_simulator][INFO] - Finished running a problem coordinator of class <class 'coordinator.Coordinator'>
[2024-11-25 22:24:06,898][base_simulator][INFO] - Running a solver of class <class 'RSQO.RSQO'>
[2024-11-25 22:24:29,189][base_simulator][INFO] - Running a simulator of class <class 'base_simulator.Simulator'> -- instance: 2, initial point: a
[2024-11-25 22:24:29,863][base_simulator][INFO] - Running a problem coordinator of class <class 'coordinator.Coordinator'>
[2024-11-25 22:24:29,867][base_simulator][INFO] - Finished running a problem coordinator of class <class 'coordinator.Coordinator'>
[2024-11-25 22:24:30,240][base_simulator][INFO] - Running a solver of class <class 'RIPTRM.RIPTRM'>
[2024-11-25 22:25:00,254][base_simulator][INFO] - Running a simulator of class <class 'base_simulator.Simulator'> -- instance: 2, initial point: a
[2024-11-25 22:25:00,864][base_simulator][INFO] - Running a problem coordinator of class <class 'coordinator.Coordinator'>
[2024-11-25 22:25:00,869][base_simulator][INFO] - Finished running a problem coordinator of class <class 'coordinator.Coordinator'>
[2024-11-25 22:25:00,932][base_simulator][INFO] - Running a solver of class <class 'RIPTRM.RIPTRM'>
[2024-11-25 22:28:51,420][base_simulator][INFO] - Running a simulator of class <class 'base_simulator.Simulator'> -- instance: 2, initial point: a
[2024-11-25 22:28:52,074][base_simulator][INFO] - Running a problem coordinator of class <class 'coordinator.Coordinator'>
[2024-11-25 22:28:52,079][base_simulator][INFO] - Finished running a problem coordinator of class <class 'coordinator.Coordinator'>
[2024-11-25 22:28:52,137][base_simulator][INFO] - Running a solver of class <class 'RIPTRM.RIPTRM'>
[2024-11-25 22:33:42,066][base_simulator][INFO] - Running a simulator of class <class 'base_simulator.Simulator'> -- instance: 1, initial point: a
[2024-11-25 22:33:42,787][base_simulator][INFO] - Running a problem coordinator of class <class 'coordinator.Coordinator'>
[2024-11-25 22:33:42,789][base_simulator][INFO] - Finished running a problem coordinator of class <class 'coordinator.Coordinator'>
[2024-11-25 22:33:42,848][base_simulator][INFO] - Running a solver of class <class 'RIPTRM.RIPTRM'>
[2024-11-25 22:34:05,973][base_simulator][INFO] - Finished running a solver of class <class 'RIPTRM.RIPTRM'>
[2024-11-25 22:34:05,973][base_simulator][INFO] - Finished running a simulator of class <class 'base_simulator.Simulator'> -- instance: 1, initial point: a
[2024-11-25 22:47:39,506][base_simulator][INFO] - Running a simulator of class <class 'base_simulator.Simulator'> -- instance: 1, initial point: a
[2024-11-25 22:47:40,471][base_simulator][INFO] - Running a problem coordinator of class <class 'coordinator.Coordinator'>
[2024-11-25 22:47:40,474][base_simulator][INFO] - Finished running a problem coordinator of class <class 'coordinator.Coordinator'>
[2024-11-25 22:47:40,573][base_simulator][INFO] - Running a solver of class <class 'RIPTRM.RIPTRM'>
[2024-11-25 22:48:25,991][base_simulator][INFO] - Finished running a solver of class <class 'RIPTRM.RIPTRM'>
[2024-11-25 22:48:25,992][base_simulator][INFO] - Finished running a simulator of class <class 'base_simulator.Simulator'> -- instance: 1, initial point: a
[2024-11-25 22:50:23,441][base_simulator][INFO] - Running a simulator of class <class 'base_simulator.Simulator'> -- instance: 2, initial point: a
[2024-11-25 22:50:24,332][base_simulator][INFO] - Running a problem coordinator of class <class 'coordinator.Coordinator'>
[2024-11-25 22:50:24,337][base_simulator][INFO] - Finished running a problem coordinator of class <class 'coordinator.Coordinator'>
[2024-11-25 22:50:24,394][base_simulator][INFO] - Running a solver of class <class 'RSQO.RSQO'>
[2024-11-25 22:51:04,526][base_simulator][INFO] - Finished running a solver of class <class 'RSQO.RSQO'>
[2024-11-25 22:51:04,572][base_simulator][INFO] - Running a solver of class <class 'RIPTRM.RIPTRM'>
[2024-11-25 22:52:06,885][base_simulator][INFO] - Running a simulator of class <class 'base_simulator.Simulator'> -- instance: 2, initial point: a
[2024-11-25 22:52:07,758][base_simulator][INFO] - Running a problem coordinator of class <class 'coordinator.Coordinator'>
[2024-11-25 22:52:07,763][base_simulator][INFO] - Finished running a problem coordinator of class <class 'coordinator.Coordinator'>
[2024-11-25 22:52:07,855][base_simulator][INFO] - Running a solver of class <class 'RIPTRM.RIPTRM'>
[2024-11-25 22:53:12,680][base_simulator][INFO] - Running a simulator of class <class 'base_simulator.Simulator'> -- instance: 2, initial point: a
[2024-11-25 22:53:13,332][base_simulator][INFO] - Running a problem coordinator of class <class 'coordinator.Coordinator'>
[2024-11-25 22:53:13,337][base_simulator][INFO] - Finished running a problem coordinator of class <class 'coordinator.Coordinator'>
[2024-11-25 22:53:13,401][base_simulator][INFO] - Running a solver of class <class 'RIPTRM.RIPTRM'>
[2024-11-25 22:53:55,837][base_simulator][INFO] - Running a simulator of class <class 'base_simulator.Simulator'> -- instance: 2, initial point: a
[2024-11-25 22:53:56,732][base_simulator][INFO] - Running a problem coordinator of class <class 'coordinator.Coordinator'>
[2024-11-25 22:53:56,737][base_simulator][INFO] - Finished running a problem coordinator of class <class 'coordinator.Coordinator'>
[2024-11-25 22:53:56,739][base_simulator][INFO] - Running a solver of class <class 'RIPM.RIPM'>
[2024-11-25 22:54:38,009][base_simulator][INFO] - Finished running a solver of class <class 'RIPM.RIPM'>
[2024-11-25 22:54:38,057][base_simulator][INFO] - Running a solver of class <class 'RIPTRM.RIPTRM'>
[2024-11-25 22:54:51,563][base_simulator][INFO] - Running a simulator of class <class 'base_simulator.Simulator'> -- instance: 2, initial point: a
[2024-11-25 22:54:52,236][base_simulator][INFO] - Running a problem coordinator of class <class 'coordinator.Coordinator'>
[2024-11-25 22:54:52,241][base_simulator][INFO] - Finished running a problem coordinator of class <class 'coordinator.Coordinator'>
[2024-11-25 22:54:52,243][base_simulator][INFO] - Running a solver of class <class 'RALM.RALM'>
[2024-11-25 22:55:29,048][base_simulator][INFO] - Finished running a solver of class <class 'RALM.RALM'>
[2024-11-25 22:55:29,087][base_simulator][INFO] - Running a solver of class <class 'RIPTRM.RIPTRM'>
[2024-11-25 22:55:31,686][base_simulator][INFO] - Running a simulator of class <class 'base_simulator.Simulator'> -- instance: 2, initial point: a
[2024-11-25 22:55:32,415][base_simulator][INFO] - Running a problem coordinator of class <class 'coordinator.Coordinator'>
[2024-11-25 22:55:32,420][base_simulator][INFO] - Finished running a problem coordinator of class <class 'coordinator.Coordinator'>
[2024-11-25 22:55:32,422][base_simulator][INFO] - Running a solver of class <class 'RALM.RALM'>
[2024-11-25 22:56:08,196][base_simulator][INFO] - Running a simulator of class <class 'base_simulator.Simulator'> -- instance: 2, initial point: a
[2024-11-25 22:56:08,848][base_simulator][INFO] - Running a problem coordinator of class <class 'coordinator.Coordinator'>
[2024-11-25 22:56:08,852][base_simulator][INFO] - Finished running a problem coordinator of class <class 'coordinator.Coordinator'>
[2024-11-25 22:56:08,911][base_simulator][INFO] - Running a solver of class <class 'RIPTRM.RIPTRM'>
[2024-11-25 22:59:53,020][base_simulator][INFO] - Running a simulator of class <class 'base_simulator.Simulator'> -- instance: 2, initial point: a
[2024-11-25 22:59:53,879][base_simulator][INFO] - Running a problem coordinator of class <class 'coordinator.Coordinator'>
[2024-11-25 22:59:53,884][base_simulator][INFO] - Finished running a problem coordinator of class <class 'coordinator.Coordinator'>
[2024-11-25 22:59:53,976][base_simulator][INFO] - Running a solver of class <class 'RIPTRM.RIPTRM'>
[2024-11-25 23:04:05,900][base_simulator][INFO] - Running a simulator of class <class 'base_simulator.Simulator'> -- instance: 2, initial point: a
[2024-11-25 23:04:06,576][base_simulator][INFO] - Running a problem coordinator of class <class 'coordinator.Coordinator'>
[2024-11-25 23:04:06,580][base_simulator][INFO] - Finished running a problem coordinator of class <class 'coordinator.Coordinator'>
[2024-11-25 23:04:06,639][base_simulator][INFO] - Running a solver of class <class 'RIPTRM.RIPTRM'>
[2024-11-25 23:10:07,893][base_simulator][INFO] - Running a simulator of class <class 'base_simulator.Simulator'> -- instance: 2, initial point: a
[2024-11-25 23:10:08,613][base_simulator][INFO] - Running a problem coordinator of class <class 'coordinator.Coordinator'>
[2024-11-25 23:10:08,617][base_simulator][INFO] - Finished running a problem coordinator of class <class 'coordinator.Coordinator'>
[2024-11-25 23:10:08,671][base_simulator][INFO] - Running a solver of class <class 'RIPTRM.RIPTRM'>
[2024-11-25 23:14:26,781][base_simulator][INFO] - Running a simulator of class <class 'base_simulator.Simulator'> -- instance: 2, initial point: a
[2024-11-25 23:14:27,481][base_simulator][INFO] - Running a problem coordinator of class <class 'coordinator.Coordinator'>
[2024-11-25 23:14:27,485][base_simulator][INFO] - Finished running a problem coordinator of class <class 'coordinator.Coordinator'>
[2024-11-25 23:14:27,538][base_simulator][INFO] - Running a solver of class <class 'RIPTRM.RIPTRM'>
[2024-11-25 23:17:46,355][base_simulator][INFO] - Running a simulator of class <class 'base_simulator.Simulator'> -- instance: 2, initial point: a
[2024-11-25 23:17:47,344][base_simulator][INFO] - Running a problem coordinator of class <class 'coordinator.Coordinator'>
[2024-11-25 23:17:47,349][base_simulator][INFO] - Finished running a problem coordinator of class <class 'coordinator.Coordinator'>
[2024-11-25 23:17:47,452][base_simulator][INFO] - Running a solver of class <class 'RIPTRM.RIPTRM'>
[2024-11-25 23:19:51,966][base_simulator][INFO] - Finished running a solver of class <class 'RIPTRM.RIPTRM'>
[2024-11-25 23:19:51,966][base_simulator][INFO] - Finished running a simulator of class <class 'base_simulator.Simulator'> -- instance: 2, initial point: a
[2024-11-25 23:29:28,774][base_simulator][INFO] - Running a simulator of class <class 'base_simulator.Simulator'> -- instance: 2, initial point: a
[2024-11-25 23:29:29,450][base_simulator][INFO] - Running a problem coordinator of class <class 'coordinator.Coordinator'>
[2024-11-25 23:29:29,455][base_simulator][INFO] - Finished running a problem coordinator of class <class 'coordinator.Coordinator'>
[2024-11-25 23:29:29,513][base_simulator][INFO] - Running a solver of class <class 'RIPTRM.RIPTRM'>
[2024-11-25 23:29:44,590][base_simulator][INFO] - Running a simulator of class <class 'base_simulator.Simulator'> -- instance: 2, initial point: a
[2024-11-25 23:29:45,809][base_simulator][INFO] - Running a problem coordinator of class <class 'coordinator.Coordinator'>
[2024-11-25 23:29:45,813][base_simulator][INFO] - Finished running a problem coordinator of class <class 'coordinator.Coordinator'>
[2024-11-25 23:29:45,905][base_simulator][INFO] - Running a solver of class <class 'RIPTRM.RIPTRM'>
[2024-11-25 23:30:53,778][base_simulator][INFO] - Running a simulator of class <class 'base_simulator.Simulator'> -- instance: 2, initial point: a
[2024-11-25 23:30:54,705][base_simulator][INFO] - Running a problem coordinator of class <class 'coordinator.Coordinator'>
[2024-11-25 23:30:54,710][base_simulator][INFO] - Finished running a problem coordinator of class <class 'coordinator.Coordinator'>
[2024-11-25 23:30:54,804][base_simulator][INFO] - Running a solver of class <class 'RIPTRM.RIPTRM'>
[2024-11-25 23:33:17,934][base_simulator][INFO] - Running a simulator of class <class 'base_simulator.Simulator'> -- instance: 2, initial point: a
[2024-11-25 23:33:18,839][base_simulator][INFO] - Running a problem coordinator of class <class 'coordinator.Coordinator'>
[2024-11-25 23:33:18,844][base_simulator][INFO] - Finished running a problem coordinator of class <class 'coordinator.Coordinator'>
[2024-11-25 23:33:18,941][base_simulator][INFO] - Running a solver of class <class 'RIPTRM.RIPTRM'>
[2024-11-26 00:11:47,072][base_simulator][INFO] - Running a simulator of class <class 'base_simulator.Simulator'> -- instance: 2, initial point: a
[2024-11-26 00:11:48,386][base_simulator][INFO] - Running a problem coordinator of class <class 'coordinator.Coordinator'>
[2024-11-26 00:11:48,390][base_simulator][INFO] - Finished running a problem coordinator of class <class 'coordinator.Coordinator'>
[2024-11-26 00:11:48,528][base_simulator][INFO] - Running a solver of class <class 'RIPTRM.RIPTRM'>
[2024-11-26 00:14:34,408][base_simulator][INFO] - Running a simulator of class <class 'base_simulator.Simulator'> -- instance: 2, initial point: a
[2024-11-26 00:14:35,756][base_simulator][INFO] - Running a problem coordinator of class <class 'coordinator.Coordinator'>
[2024-11-26 00:14:35,760][base_simulator][INFO] - Finished running a problem coordinator of class <class 'coordinator.Coordinator'>
[2024-11-26 00:14:35,859][base_simulator][INFO] - Running a solver of class <class 'RIPTRM.RIPTRM'>
[2024-11-26 00:31:27,782][base_simulator][INFO] - Running a simulator of class <class 'base_simulator.Simulator'> -- instance: 2, initial point: a
[2024-11-26 00:31:28,724][base_simulator][INFO] - Running a problem coordinator of class <class 'coordinator.Coordinator'>
[2024-11-26 00:31:28,729][base_simulator][INFO] - Finished running a problem coordinator of class <class 'coordinator.Coordinator'>
[2024-11-26 00:31:28,833][base_simulator][INFO] - Running a solver of class <class 'RIPTRM.RIPTRM'>
[2024-11-26 00:32:33,280][base_simulator][INFO] - Running a simulator of class <class 'base_simulator.Simulator'> -- instance: 2, initial point: a
[2024-11-26 00:32:33,934][base_simulator][INFO] - Running a problem coordinator of class <class 'coordinator.Coordinator'>
[2024-11-26 00:32:33,937][base_simulator][INFO] - Finished running a problem coordinator of class <class 'coordinator.Coordinator'>
[2024-11-26 00:32:33,992][base_simulator][INFO] - Running a solver of class <class 'RIPTRM.RIPTRM'>
[2024-11-26 00:34:37,006][base_simulator][INFO] - Finished running a solver of class <class 'RIPTRM.RIPTRM'>
[2024-11-26 00:34:37,006][base_simulator][INFO] - Finished running a simulator of class <class 'base_simulator.Simulator'> -- instance: 2, initial point: a
[2024-11-26 12:52:01,900][base_simulator][INFO] - Running a simulator of class <class 'base_simulator.Simulator'> -- instance: 2, initial point: a
[2024-11-26 12:52:03,601][base_simulator][INFO] - Running a problem coordinator of class <class 'coordinator.Coordinator'>
[2024-11-26 12:52:03,604][base_simulator][INFO] - Finished running a problem coordinator of class <class 'coordinator.Coordinator'>
[2024-11-26 12:52:03,750][base_simulator][INFO] - Running a solver of class <class 'RIPTRM.RIPTRM'>
[2024-11-26 12:54:05,215][base_simulator][INFO] - Running a simulator of class <class 'base_simulator.Simulator'> -- instance: 2, initial point: a
[2024-11-26 12:54:05,914][base_simulator][INFO] - Running a problem coordinator of class <class 'coordinator.Coordinator'>
[2024-11-26 12:54:05,918][base_simulator][INFO] - Finished running a problem coordinator of class <class 'coordinator.Coordinator'>
[2024-11-26 12:54:05,980][base_simulator][INFO] - Running a solver of class <class 'RIPTRM.RIPTRM'>
[2024-11-26 12:55:55,577][base_simulator][INFO] - Running a simulator of class <class 'base_simulator.Simulator'> -- instance: 2, initial point: a
[2024-11-26 12:55:56,213][base_simulator][INFO] - Running a problem coordinator of class <class 'coordinator.Coordinator'>
[2024-11-26 12:55:56,216][base_simulator][INFO] - Finished running a problem coordinator of class <class 'coordinator.Coordinator'>
[2024-11-26 12:55:56,276][base_simulator][INFO] - Running a solver of class <class 'RIPTRM.RIPTRM'>
[2024-11-26 12:58:27,511][base_simulator][INFO] - Running a simulator of class <class 'base_simulator.Simulator'> -- instance: 2, initial point: a
[2024-11-26 12:58:28,381][base_simulator][INFO] - Running a problem coordinator of class <class 'coordinator.Coordinator'>
[2024-11-26 12:58:28,386][base_simulator][INFO] - Finished running a problem coordinator of class <class 'coordinator.Coordinator'>
[2024-11-26 12:58:28,478][base_simulator][INFO] - Running a solver of class <class 'RIPTRM.RIPTRM'>
[2024-11-26 13:01:30,393][base_simulator][INFO] - Running a simulator of class <class 'base_simulator.Simulator'> -- instance: 2, initial point: a
[2024-11-26 13:01:31,383][base_simulator][INFO] - Running a problem coordinator of class <class 'coordinator.Coordinator'>
[2024-11-26 13:01:31,387][base_simulator][INFO] - Finished running a problem coordinator of class <class 'coordinator.Coordinator'>
[2024-11-26 13:01:31,498][base_simulator][INFO] - Running a solver of class <class 'RIPTRM.RIPTRM'>
[2024-11-26 13:02:50,277][base_simulator][INFO] - Running a simulator of class <class 'base_simulator.Simulator'> -- instance: 2, initial point: a
[2024-11-26 13:02:51,069][base_simulator][INFO] - Running a problem coordinator of class <class 'coordinator.Coordinator'>
[2024-11-26 13:02:51,073][base_simulator][INFO] - Finished running a problem coordinator of class <class 'coordinator.Coordinator'>
[2024-11-26 13:02:51,139][base_simulator][INFO] - Running a solver of class <class 'RIPTRM.RIPTRM'>
[2024-11-26 13:04:20,789][base_simulator][INFO] - Running a simulator of class <class 'base_simulator.Simulator'> -- instance: 2, initial point: a
[2024-11-26 13:04:21,736][base_simulator][INFO] - Running a problem coordinator of class <class 'coordinator.Coordinator'>
[2024-11-26 13:04:21,740][base_simulator][INFO] - Finished running a problem coordinator of class <class 'coordinator.Coordinator'>
[2024-11-26 13:04:21,836][base_simulator][INFO] - Running a solver of class <class 'RIPTRM.RIPTRM'>
[2024-11-26 13:04:57,075][base_simulator][INFO] - Running a simulator of class <class 'base_simulator.Simulator'> -- instance: 2, initial point: a
[2024-11-26 13:04:57,846][base_simulator][INFO] - Running a problem coordinator of class <class 'coordinator.Coordinator'>
[2024-11-26 13:04:57,893][base_simulator][INFO] - Finished running a problem coordinator of class <class 'coordinator.Coordinator'>
[2024-11-26 13:04:57,914][base_simulator][INFO] - Running a solver of class <class 'RIPTRM.RIPTRM'>
[2024-11-26 15:02:30,806][base_simulator][INFO] - Running a simulator of class <class 'base_simulator.Simulator'> -- instance: 1, initial point: a
[2024-11-26 15:02:32,164][base_simulator][INFO] - Running a problem coordinator of class <class 'coordinator.Coordinator'>
[2024-11-26 15:02:32,167][base_simulator][INFO] - Finished running a problem coordinator of class <class 'coordinator.Coordinator'>
[2024-11-26 15:02:33,548][base_simulator][INFO] - Running a solver of class <class 'RALM.RALM'>
[2024-11-26 15:02:49,132][base_simulator][INFO] - Finished running a solver of class <class 'RALM.RALM'>
[2024-11-26 15:02:49,662][base_simulator][INFO] - Running a solver of class <class 'RSQO.RSQO'>
[2024-11-26 15:02:55,681][base_simulator][INFO] - Finished running a solver of class <class 'RSQO.RSQO'>
[2024-11-26 15:02:56,258][base_simulator][INFO] - Running a solver of class <class 'RIPTRM.RIPTRM'>
[2024-11-26 15:03:56,820][base_simulator][INFO] - Running a simulator of class <class 'base_simulator.Simulator'> -- instance: 1, initial point: a
[2024-11-26 15:03:57,739][base_simulator][INFO] - Running a problem coordinator of class <class 'coordinator.Coordinator'>
[2024-11-26 15:03:57,742][base_simulator][INFO] - Finished running a problem coordinator of class <class 'coordinator.Coordinator'>
[2024-11-26 15:03:59,079][base_simulator][INFO] - Running a solver of class <class 'RIPTRM.RIPTRM'>
[2024-11-26 15:04:30,943][base_simulator][INFO] - Running a simulator of class <class 'base_simulator.Simulator'> -- instance: 1, initial point: a
[2024-11-26 15:04:31,802][base_simulator][INFO] - Running a problem coordinator of class <class 'coordinator.Coordinator'>
[2024-11-26 15:04:31,805][base_simulator][INFO] - Finished running a problem coordinator of class <class 'coordinator.Coordinator'>
[2024-11-26 15:04:33,006][base_simulator][INFO] - Running a solver of class <class 'RIPTRM.RIPTRM'>
[2024-11-26 15:05:20,903][base_simulator][INFO] - Finished running a solver of class <class 'RIPTRM.RIPTRM'>
[2024-11-26 15:05:22,148][base_simulator][INFO] - Running a solver of class <class 'RIPM.RIPM'>
[2024-11-26 15:05:46,755][base_simulator][INFO] - Finished running a solver of class <class 'RIPM.RIPM'>
[2024-11-26 15:05:46,755][base_simulator][INFO] - Finished running a simulator of class <class 'base_simulator.Simulator'> -- instance: 1, initial point: a
[2024-11-26 15:15:43,776][base_simulator][INFO] - Running a simulator of class <class 'base_simulator.Simulator'> -- instance: 1, initial point: b
[2024-11-26 15:15:44,834][base_simulator][INFO] - Running a problem coordinator of class <class 'coordinator.Coordinator'>
[2024-11-26 15:15:44,838][base_simulator][INFO] - Finished running a problem coordinator of class <class 'coordinator.Coordinator'>
[2024-11-26 15:15:46,202][base_simulator][INFO] - Running a solver of class <class 'RALM.RALM'>
[2024-11-26 15:16:00,791][base_simulator][INFO] - Finished running a solver of class <class 'RALM.RALM'>
[2024-11-26 15:16:01,314][base_simulator][INFO] - Running a solver of class <class 'RSQO.RSQO'>
[2024-11-26 15:16:06,298][base_simulator][INFO] - Finished running a solver of class <class 'RSQO.RSQO'>
[2024-11-26 15:16:06,841][base_simulator][INFO] - Running a solver of class <class 'RIPTRM.RIPTRM'>
[2024-11-26 15:17:17,198][base_simulator][INFO] - Running a simulator of class <class 'base_simulator.Simulator'> -- instance: 1, initial point: b
[2024-11-26 15:17:18,158][base_simulator][INFO] - Running a problem coordinator of class <class 'coordinator.Coordinator'>
[2024-11-26 15:17:18,161][base_simulator][INFO] - Finished running a problem coordinator of class <class 'coordinator.Coordinator'>
[2024-11-26 15:17:18,256][base_simulator][INFO] - Running a solver of class <class 'RIPTRM.RIPTRM'>
[2024-11-26 15:18:03,756][base_simulator][INFO] - Running a simulator of class <class 'base_simulator.Simulator'> -- instance: 1, initial point: b
[2024-11-26 15:18:04,666][base_simulator][INFO] - Running a problem coordinator of class <class 'coordinator.Coordinator'>
[2024-11-26 15:18:04,669][base_simulator][INFO] - Finished running a problem coordinator of class <class 'coordinator.Coordinator'>
[2024-11-26 15:18:04,754][base_simulator][INFO] - Running a solver of class <class 'RIPTRM.RIPTRM'>
[2024-11-26 15:18:41,960][base_simulator][INFO] - Running a simulator of class <class 'base_simulator.Simulator'> -- instance: 1, initial point: b
[2024-11-26 15:18:42,837][base_simulator][INFO] - Running a problem coordinator of class <class 'coordinator.Coordinator'>
[2024-11-26 15:18:42,840][base_simulator][INFO] - Finished running a problem coordinator of class <class 'coordinator.Coordinator'>
[2024-11-26 15:18:42,842][base_simulator][INFO] - Running a solver of class <class 'RALM.RALM'>
[2024-11-26 15:18:52,999][base_simulator][INFO] - Finished running a solver of class <class 'RALM.RALM'>
[2024-11-26 15:18:53,021][base_simulator][INFO] - Running a solver of class <class 'RSQO.RSQO'>
[2024-11-26 15:18:54,153][base_simulator][INFO] - Finished running a solver of class <class 'RSQO.RSQO'>
[2024-11-26 15:18:54,199][base_simulator][INFO] - Running a solver of class <class 'RIPTRM.RIPTRM'>
[2024-11-26 15:20:32,549][base_simulator][INFO] - Running a simulator of class <class 'base_simulator.Simulator'> -- instance: 1, initial point: b
[2024-11-26 15:20:33,476][base_simulator][INFO] - Running a problem coordinator of class <class 'coordinator.Coordinator'>
[2024-11-26 15:20:33,479][base_simulator][INFO] - Finished running a problem coordinator of class <class 'coordinator.Coordinator'>
[2024-11-26 15:20:33,482][base_simulator][INFO] - Running a solver of class <class 'RALM.RALM'>
[2024-11-26 15:20:43,893][base_simulator][INFO] - Finished running a solver of class <class 'RALM.RALM'>
[2024-11-26 15:20:43,915][base_simulator][INFO] - Running a solver of class <class 'RSQO.RSQO'>
[2024-11-26 15:20:48,394][base_simulator][INFO] - Finished running a solver of class <class 'RSQO.RSQO'>
[2024-11-26 15:20:48,446][base_simulator][INFO] - Running a solver of class <class 'RIPTRM.RIPTRM'>
[2024-11-26 15:22:50,229][base_simulator][INFO] - Running a simulator of class <class 'base_simulator.Simulator'> -- instance: 1, initial point: b
[2024-11-26 15:22:51,853][base_simulator][INFO] - Running a problem coordinator of class <class 'coordinator.Coordinator'>
[2024-11-26 15:22:51,856][base_simulator][INFO] - Finished running a problem coordinator of class <class 'coordinator.Coordinator'>
[2024-11-26 15:22:51,880][base_simulator][INFO] - Running a solver of class <class 'RSQO.RSQO'>
[2024-11-26 15:22:56,426][base_simulator][INFO] - Finished running a solver of class <class 'RSQO.RSQO'>
[2024-11-26 15:22:56,476][base_simulator][INFO] - Running a solver of class <class 'RIPTRM.RIPTRM'>
[2024-11-26 15:24:47,916][base_simulator][INFO] - Running a simulator of class <class 'base_simulator.Simulator'> -- instance: 1, initial point: b
[2024-11-26 15:24:49,472][base_simulator][INFO] - Running a problem coordinator of class <class 'coordinator.Coordinator'>
[2024-11-26 15:24:49,478][base_simulator][INFO] - Finished running a problem coordinator of class <class 'coordinator.Coordinator'>
[2024-11-26 15:24:49,480][base_simulator][INFO] - Running a solver of class <class 'RALM.RALM'>
[2024-11-26 15:25:09,089][base_simulator][INFO] - Running a simulator of class <class 'base_simulator.Simulator'> -- instance: 1, initial point: b
[2024-11-26 15:25:09,960][base_simulator][INFO] - Running a problem coordinator of class <class 'coordinator.Coordinator'>
[2024-11-26 15:25:09,963][base_simulator][INFO] - Finished running a problem coordinator of class <class 'coordinator.Coordinator'>
[2024-11-26 15:25:09,965][base_simulator][INFO] - Running a solver of class <class 'RALM.RALM'>
[2024-11-26 15:25:21,359][base_simulator][INFO] - Finished running a solver of class <class 'RALM.RALM'>
[2024-11-26 15:25:21,384][base_simulator][INFO] - Running a solver of class <class 'RSQO.RSQO'>
[2024-11-26 15:25:22,534][base_simulator][INFO] - Finished running a solver of class <class 'RSQO.RSQO'>
[2024-11-26 15:25:22,586][base_simulator][INFO] - Running a solver of class <class 'RIPTRM.RIPTRM'>
[2024-11-26 15:26:49,250][base_simulator][INFO] - Running a simulator of class <class 'base_simulator.Simulator'> -- instance: 1, initial point: b
[2024-11-26 15:26:50,116][base_simulator][INFO] - Running a problem coordinator of class <class 'coordinator.Coordinator'>
[2024-11-26 15:26:50,119][base_simulator][INFO] - Finished running a problem coordinator of class <class 'coordinator.Coordinator'>
[2024-11-26 15:26:50,121][base_simulator][INFO] - Running a solver of class <class 'RALM.RALM'>
[2024-11-26 15:27:01,407][base_simulator][INFO] - Finished running a solver of class <class 'RALM.RALM'>
[2024-11-26 15:27:01,429][base_simulator][INFO] - Running a solver of class <class 'RSQO.RSQO'>
[2024-11-26 15:27:02,532][base_simulator][INFO] - Finished running a solver of class <class 'RSQO.RSQO'>
[2024-11-26 15:27:02,588][base_simulator][INFO] - Running a solver of class <class 'RIPTRM.RIPTRM'>
[2024-11-26 15:28:08,291][base_simulator][INFO] - Running a simulator of class <class 'base_simulator.Simulator'> -- instance: 1, initial point: b
[2024-11-26 15:28:11,454][base_simulator][INFO] - Running a simulator of class <class 'base_simulator.Simulator'> -- instance: 1, initial point: b
[2024-11-26 15:28:12,171][base_simulator][INFO] - Running a problem coordinator of class <class 'coordinator.Coordinator'>
[2024-11-26 15:28:12,174][base_simulator][INFO] - Finished running a problem coordinator of class <class 'coordinator.Coordinator'>
[2024-11-26 15:28:12,176][base_simulator][INFO] - Running a solver of class <class 'RALM.RALM'>
[2024-11-26 15:28:39,316][base_simulator][INFO] - Running a simulator of class <class 'base_simulator.Simulator'> -- instance: 1, initial point: b
[2024-11-26 15:28:40,198][base_simulator][INFO] - Running a problem coordinator of class <class 'coordinator.Coordinator'>
[2024-11-26 15:28:40,200][base_simulator][INFO] - Finished running a problem coordinator of class <class 'coordinator.Coordinator'>
[2024-11-26 15:28:40,202][base_simulator][INFO] - Running a solver of class <class 'RALM.RALM'>
[2024-11-26 15:28:50,301][base_simulator][INFO] - Finished running a solver of class <class 'RALM.RALM'>
[2024-11-26 15:28:50,322][base_simulator][INFO] - Running a solver of class <class 'RSQO.RSQO'>
[2024-11-26 15:28:51,480][base_simulator][INFO] - Finished running a solver of class <class 'RSQO.RSQO'>
[2024-11-26 15:28:51,530][base_simulator][INFO] - Running a solver of class <class 'RIPTRM.RIPTRM'>
[2024-11-26 15:37:46,331][base_simulator][INFO] - Running a simulator of class <class 'base_simulator.Simulator'> -- instance: 1, initial point: b
[2024-11-26 15:37:47,284][base_simulator][INFO] - Running a problem coordinator of class <class 'coordinator.Coordinator'>
[2024-11-26 15:37:47,288][base_simulator][INFO] - Finished running a problem coordinator of class <class 'coordinator.Coordinator'>
[2024-11-26 15:37:47,292][base_simulator][INFO] - Running a solver of class <class 'RALM.RALM'>
[2024-11-26 15:37:57,241][base_simulator][INFO] - Finished running a solver of class <class 'RALM.RALM'>
[2024-11-26 15:37:57,261][base_simulator][INFO] - Running a solver of class <class 'RSQO.RSQO'>
[2024-11-26 15:37:58,356][base_simulator][INFO] - Finished running a solver of class <class 'RSQO.RSQO'>
[2024-11-26 15:37:58,407][base_simulator][INFO] - Running a solver of class <class 'RIPTRM.RIPTRM'>
[2024-11-26 15:39:41,698][base_simulator][INFO] - Running a simulator of class <class 'base_simulator.Simulator'> -- instance: 1, initial point: b
[2024-11-26 15:39:43,194][base_simulator][INFO] - Running a problem coordinator of class <class 'coordinator.Coordinator'>
[2024-11-26 15:39:43,198][base_simulator][INFO] - Finished running a problem coordinator of class <class 'coordinator.Coordinator'>
[2024-11-26 15:39:43,211][base_simulator][INFO] - Running a solver of class <class 'RALM.RALM'>
[2024-11-26 15:39:53,622][base_simulator][INFO] - Finished running a solver of class <class 'RALM.RALM'>
[2024-11-26 15:39:53,640][base_simulator][INFO] - Running a solver of class <class 'RSQO.RSQO'>
[2024-11-26 15:39:54,758][base_simulator][INFO] - Finished running a solver of class <class 'RSQO.RSQO'>
[2024-11-26 15:39:54,811][base_simulator][INFO] - Running a solver of class <class 'RIPTRM.RIPTRM'>
[2024-11-26 15:42:09,427][base_simulator][INFO] - Running a simulator of class <class 'base_simulator.Simulator'> -- instance: 1, initial point: b
[2024-11-26 15:42:09,948][base_simulator][INFO] - Running a problem coordinator of class <class 'coordinator.Coordinator'>
[2024-11-26 15:42:09,952][base_simulator][INFO] - Finished running a problem coordinator of class <class 'coordinator.Coordinator'>
[2024-11-26 15:42:09,956][base_simulator][INFO] - Running a solver of class <class 'RALM.RALM'>
[2024-11-26 15:42:19,597][base_simulator][INFO] - Finished running a solver of class <class 'RALM.RALM'>
[2024-11-26 15:42:19,686][base_simulator][INFO] - Running a solver of class <class 'RSQO.RSQO'>
[2024-11-26 15:42:21,307][base_simulator][INFO] - Finished running a solver of class <class 'RSQO.RSQO'>
[2024-11-26 15:42:21,359][base_simulator][INFO] - Running a solver of class <class 'RIPTRM.RIPTRM'>
[2024-11-26 15:43:32,012][base_simulator][INFO] - Running a simulator of class <class 'base_simulator.Simulator'> -- instance: 1, initial point: b
[2024-11-26 15:43:32,941][base_simulator][INFO] - Running a problem coordinator of class <class 'coordinator.Coordinator'>
[2024-11-26 15:43:32,944][base_simulator][INFO] - Finished running a problem coordinator of class <class 'coordinator.Coordinator'>
[2024-11-26 15:43:32,949][base_simulator][INFO] - Running a solver of class <class 'RALM.RALM'>
[2024-11-26 15:43:37,468][base_simulator][INFO] - Running a simulator of class <class 'base_simulator.Simulator'> -- instance: 1, initial point: b
[2024-11-26 15:43:37,991][base_simulator][INFO] - Running a problem coordinator of class <class 'coordinator.Coordinator'>
[2024-11-26 15:43:37,992][base_simulator][INFO] - Finished running a problem coordinator of class <class 'coordinator.Coordinator'>
[2024-11-26 15:43:37,995][base_simulator][INFO] - Running a solver of class <class 'RALM.RALM'>
[2024-11-26 15:46:37,182][base_simulator][INFO] - Running a simulator of class <class 'base_simulator.Simulator'> -- instance: 1, initial point: b
[2024-11-26 15:46:38,109][base_simulator][INFO] - Running a problem coordinator of class <class 'coordinator.Coordinator'>
[2024-11-26 15:46:38,112][base_simulator][INFO] - Finished running a problem coordinator of class <class 'coordinator.Coordinator'>
[2024-11-26 15:46:38,116][base_simulator][INFO] - Running a solver of class <class 'RALM.RALM'>
[2024-11-26 15:46:48,410][base_simulator][INFO] - Finished running a solver of class <class 'RALM.RALM'>
[2024-11-26 15:46:48,434][base_simulator][INFO] - Running a solver of class <class 'RSQO.RSQO'>
[2024-11-26 15:46:53,070][base_simulator][INFO] - Finished running a solver of class <class 'RSQO.RSQO'>
[2024-11-26 15:46:53,136][base_simulator][INFO] - Running a solver of class <class 'RIPTRM.RIPTRM'>
[2024-11-26 15:53:10,378][base_simulator][INFO] - Running a simulator of class <class 'base_simulator.Simulator'> -- instance: 1, initial point: b
[2024-11-26 15:53:11,357][base_simulator][INFO] - Running a problem coordinator of class <class 'coordinator.Coordinator'>
[2024-11-26 15:53:11,360][base_simulator][INFO] - Finished running a problem coordinator of class <class 'coordinator.Coordinator'>
[2024-11-26 15:53:11,461][base_simulator][INFO] - Running a solver of class <class 'RIPTRM.RIPTRM'>
[2024-11-26 16:28:19,222][base_simulator][INFO] - Running a simulator of class <class 'base_simulator.Simulator'> -- instance: 1, initial point: a
[2024-11-26 16:28:20,415][base_simulator][INFO] - Running a problem coordinator of class <class 'coordinator.Coordinator'>
[2024-11-26 16:28:20,418][base_simulator][INFO] - Finished running a problem coordinator of class <class 'coordinator.Coordinator'>
[2024-11-26 16:28:22,060][base_simulator][INFO] - Running a solver of class <class 'RSQO.RSQO'>
[2024-11-26 16:28:26,568][base_simulator][INFO] - Finished running a solver of class <class 'RSQO.RSQO'>
[2024-11-26 16:28:27,054][base_simulator][INFO] - Running a solver of class <class 'RIPM.RIPM'>
[2024-11-26 16:28:53,683][base_simulator][INFO] - Finished running a solver of class <class 'RIPM.RIPM'>
[2024-11-26 16:28:54,194][base_simulator][INFO] - Running a solver of class <class 'RALM.RALM'>
[2024-11-26 16:29:08,993][base_simulator][INFO] - Finished running a solver of class <class 'RALM.RALM'>
[2024-11-26 16:29:09,671][base_simulator][INFO] - Running a solver of class <class 'RIPTRM.RIPTRM'>
[2024-11-26 16:29:58,809][base_simulator][INFO] - Finished running a solver of class <class 'RIPTRM.RIPTRM'>
[2024-11-26 16:29:58,810][base_simulator][INFO] - Finished running a simulator of class <class 'base_simulator.Simulator'> -- instance: 1, initial point: a
[2024-11-26 19:21:35,450][base_simulator][INFO] - Running a simulator of class <class 'base_simulator.Simulator'> -- instance: 1, initial point: a
[2024-11-26 19:21:36,758][base_simulator][INFO] - Running a problem coordinator of class <class 'coordinator.Coordinator'>
[2024-11-26 19:21:36,761][base_simulator][INFO] - Finished running a problem coordinator of class <class 'coordinator.Coordinator'>
[2024-11-26 19:21:36,825][base_simulator][INFO] - Running a solver of class <class 'RSQO.RSQO'>
[2024-11-26 19:21:37,476][base_simulator][INFO] - Finished running a solver of class <class 'RSQO.RSQO'>
[2024-11-26 19:21:38,074][base_simulator][INFO] - Running a solver of class <class 'RIPTRM.RIPTRM'>
[2024-11-26 19:22:19,386][base_simulator][INFO] - Finished running a solver of class <class 'RIPTRM.RIPTRM'>
[2024-11-26 19:22:19,386][base_simulator][INFO] - Finished running a simulator of class <class 'base_simulator.Simulator'> -- instance: 1, initial point: a
[2024-11-26 19:22:49,061][base_simulator][INFO] - Running a simulator of class <class 'base_simulator.Simulator'> -- instance: 1, initial point: a
[2024-11-26 19:22:49,992][base_simulator][INFO] - Running a problem coordinator of class <class 'coordinator.Coordinator'>
[2024-11-26 19:22:49,995][base_simulator][INFO] - Finished running a problem coordinator of class <class 'coordinator.Coordinator'>
[2024-11-26 19:22:51,476][base_simulator][INFO] - Running a solver of class <class 'RSQO.RSQO'>
[2024-11-26 19:22:55,533][base_simulator][INFO] - Finished running a solver of class <class 'RSQO.RSQO'>
[2024-11-26 19:22:56,172][base_simulator][INFO] - Running a solver of class <class 'RIPTRM.RIPTRM'>
[2024-11-26 19:23:43,130][base_simulator][INFO] - Finished running a solver of class <class 'RIPTRM.RIPTRM'>
[2024-11-26 19:23:43,130][base_simulator][INFO] - Finished running a simulator of class <class 'base_simulator.Simulator'> -- instance: 1, initial point: a
[2024-11-26 19:25:01,180][base_simulator][INFO] - Running a simulator of class <class 'base_simulator.Simulator'> -- instance: 1, initial point: a
[2024-11-26 19:25:02,207][base_simulator][INFO] - Running a problem coordinator of class <class 'coordinator.Coordinator'>
[2024-11-26 19:25:02,210][base_simulator][INFO] - Finished running a problem coordinator of class <class 'coordinator.Coordinator'>
[2024-11-26 19:25:02,236][base_simulator][INFO] - Running a solver of class <class 'RSQO.RSQO'>
[2024-11-26 19:25:02,841][base_simulator][INFO] - Finished running a solver of class <class 'RSQO.RSQO'>
[2024-11-26 19:25:02,898][base_simulator][INFO] - Running a solver of class <class 'RIPTRM.RIPTRM'>
[2024-11-26 19:25:54,943][base_simulator][INFO] - Finished running a solver of class <class 'RIPTRM.RIPTRM'>
[2024-11-26 19:25:54,944][base_simulator][INFO] - Finished running a simulator of class <class 'base_simulator.Simulator'> -- instance: 1, initial point: a
[2024-11-26 19:26:57,911][base_simulator][INFO] - Running a simulator of class <class 'base_simulator.Simulator'> -- instance: 1, initial point: a
[2024-11-26 19:26:59,382][base_simulator][INFO] - Running a problem coordinator of class <class 'coordinator.Coordinator'>
[2024-11-26 19:26:59,385][base_simulator][INFO] - Finished running a problem coordinator of class <class 'coordinator.Coordinator'>
[2024-11-26 19:26:59,409][base_simulator][INFO] - Running a solver of class <class 'RSQO.RSQO'>
[2024-11-26 19:27:00,028][base_simulator][INFO] - Finished running a solver of class <class 'RSQO.RSQO'>
[2024-11-26 19:27:00,087][base_simulator][INFO] - Running a solver of class <class 'RIPTRM.RIPTRM'>
[2024-11-26 19:27:40,149][base_simulator][INFO] - Finished running a solver of class <class 'RIPTRM.RIPTRM'>
[2024-11-26 19:27:40,150][base_simulator][INFO] - Finished running a simulator of class <class 'base_simulator.Simulator'> -- instance: 1, initial point: a
[2024-11-26 19:32:54,489][base_simulator][INFO] - Running a simulator of class <class 'base_simulator.Simulator'> -- instance: 1, initial point: a
[2024-11-26 19:32:55,056][base_simulator][INFO] - Running a problem coordinator of class <class 'coordinator.Coordinator'>
[2024-11-26 19:32:55,058][base_simulator][INFO] - Finished running a problem coordinator of class <class 'coordinator.Coordinator'>
[2024-11-26 19:32:55,085][base_simulator][INFO] - Running a solver of class <class 'RSQO.RSQO'>
[2024-11-26 19:32:56,242][base_simulator][INFO] - Finished running a solver of class <class 'RSQO.RSQO'>
[2024-11-26 19:32:56,262][base_simulator][INFO] - Running a solver of class <class 'RIPTRM.RIPTRM'>
[2024-11-26 19:33:25,720][base_simulator][INFO] - Finished running a solver of class <class 'RIPTRM.RIPTRM'>
[2024-11-26 19:33:25,721][base_simulator][INFO] - Finished running a simulator of class <class 'base_simulator.Simulator'> -- instance: 1, initial point: a
[2024-11-26 19:34:16,324][base_simulator][INFO] - Running a simulator of class <class 'base_simulator.Simulator'> -- instance: 1, initial point: a
[2024-11-26 19:34:17,373][base_simulator][INFO] - Running a problem coordinator of class <class 'coordinator.Coordinator'>
[2024-11-26 19:34:17,378][base_simulator][INFO] - Finished running a problem coordinator of class <class 'coordinator.Coordinator'>
[2024-11-26 19:34:17,405][base_simulator][INFO] - Running a solver of class <class 'RSQO.RSQO'>
[2024-11-26 19:34:18,021][base_simulator][INFO] - Finished running a solver of class <class 'RSQO.RSQO'>
[2024-11-26 19:34:18,079][base_simulator][INFO] - Running a solver of class <class 'RIPTRM.RIPTRM'>
[2024-11-26 19:34:43,191][base_simulator][INFO] - Finished running a solver of class <class 'RIPTRM.RIPTRM'>
[2024-11-26 19:34:43,192][base_simulator][INFO] - Finished running a simulator of class <class 'base_simulator.Simulator'> -- instance: 1, initial point: a
[2024-11-26 19:46:50,842][base_simulator][INFO] - Running a simulator of class <class 'base_simulator.Simulator'> -- instance: 1, initial point: a
[2024-11-26 19:46:51,751][base_simulator][INFO] - Running a problem coordinator of class <class 'coordinator.Coordinator'>
[2024-11-26 19:46:51,754][base_simulator][INFO] - Finished running a problem coordinator of class <class 'coordinator.Coordinator'>
[2024-11-26 19:46:51,779][base_simulator][INFO] - Running a solver of class <class 'RSQO.RSQO'>
[2024-11-26 19:46:52,387][base_simulator][INFO] - Finished running a solver of class <class 'RSQO.RSQO'>
[2024-11-26 19:46:52,911][base_simulator][INFO] - Running a solver of class <class 'RIPTRM.RIPTRM'>
[2024-11-26 19:47:24,804][base_simulator][INFO] - Finished running a solver of class <class 'RIPTRM.RIPTRM'>
[2024-11-26 19:47:24,804][base_simulator][INFO] - Finished running a simulator of class <class 'base_simulator.Simulator'> -- instance: 1, initial point: a
[2024-11-26 19:47:58,875][base_simulator][INFO] - Running a simulator of class <class 'base_simulator.Simulator'> -- instance: 1, initial point: a
[2024-11-26 19:48:00,404][base_simulator][INFO] - Running a problem coordinator of class <class 'coordinator.Coordinator'>
[2024-11-26 19:48:00,407][base_simulator][INFO] - Finished running a problem coordinator of class <class 'coordinator.Coordinator'>
[2024-11-26 19:48:00,430][base_simulator][INFO] - Running a solver of class <class 'RSQO.RSQO'>
[2024-11-26 19:48:11,001][base_simulator][INFO] - Finished running a solver of class <class 'RSQO.RSQO'>
[2024-11-26 19:48:11,044][base_simulator][INFO] - Running a solver of class <class 'RIPTRM.RIPTRM'>
[2024-11-26 19:50:46,536][base_simulator][INFO] - Running a simulator of class <class 'base_simulator.Simulator'> -- instance: 1, initial point: a
[2024-11-26 19:50:47,492][base_simulator][INFO] - Running a problem coordinator of class <class 'coordinator.Coordinator'>
[2024-11-26 19:50:47,495][base_simulator][INFO] - Finished running a problem coordinator of class <class 'coordinator.Coordinator'>
[2024-11-26 19:50:48,748][base_simulator][INFO] - Running a solver of class <class 'RSQO.RSQO'>
[2024-11-26 19:50:52,753][base_simulator][INFO] - Finished running a solver of class <class 'RSQO.RSQO'>
[2024-11-26 19:50:52,753][base_simulator][INFO] - Finished running a simulator of class <class 'base_simulator.Simulator'> -- instance: 1, initial point: a
[2024-11-26 19:51:05,855][base_simulator][INFO] - Running a simulator of class <class 'base_simulator.Simulator'> -- instance: 1, initial point: a
[2024-11-26 19:51:06,734][base_simulator][INFO] - Running a problem coordinator of class <class 'coordinator.Coordinator'>
[2024-11-26 19:51:06,737][base_simulator][INFO] - Finished running a problem coordinator of class <class 'coordinator.Coordinator'>
[2024-11-26 19:51:07,917][base_simulator][INFO] - Running a solver of class <class 'RSQO.RSQO'>
[2024-11-26 19:51:58,786][base_simulator][INFO] - Running a simulator of class <class 'base_simulator.Simulator'> -- instance: 1, initial point: a
[2024-11-26 19:51:59,706][base_simulator][INFO] - Running a problem coordinator of class <class 'coordinator.Coordinator'>
[2024-11-26 19:51:59,709][base_simulator][INFO] - Finished running a problem coordinator of class <class 'coordinator.Coordinator'>
[2024-11-26 19:52:00,930][base_simulator][INFO] - Running a solver of class <class 'RSQO.RSQO'>
[2024-11-26 19:53:17,138][base_simulator][INFO] - Running a simulator of class <class 'base_simulator.Simulator'> -- instance: 1, initial point: a
[2024-11-26 19:53:18,117][base_simulator][INFO] - Running a problem coordinator of class <class 'coordinator.Coordinator'>
[2024-11-26 19:53:18,122][base_simulator][INFO] - Finished running a problem coordinator of class <class 'coordinator.Coordinator'>
[2024-11-26 19:53:19,486][base_simulator][INFO] - Running a solver of class <class 'RALM.RALM'>
[2024-11-26 19:54:02,863][base_simulator][INFO] - Finished running a solver of class <class 'RALM.RALM'>
[2024-11-26 19:54:03,403][base_simulator][INFO] - Running a solver of class <class 'RSQO.RSQO'>
[2024-11-26 19:54:46,133][base_simulator][INFO] - Finished running a solver of class <class 'RSQO.RSQO'>
[2024-11-26 19:54:46,717][base_simulator][INFO] - Running a solver of class <class 'RIPTRM.RIPTRM'>
[2024-11-26 19:55:39,672][base_simulator][INFO] - Finished running a solver of class <class 'RIPTRM.RIPTRM'>
[2024-11-26 19:55:39,672][base_simulator][INFO] - Finished running a simulator of class <class 'base_simulator.Simulator'> -- instance: 1, initial point: a
[2024-11-26 20:01:31,005][base_simulator][INFO] - Running a simulator of class <class 'base_simulator.Simulator'> -- instance: 1, initial point: a
[2024-11-26 20:01:32,384][base_simulator][INFO] - Running a problem coordinator of class <class 'coordinator.Coordinator'>
[2024-11-26 20:01:32,388][base_simulator][INFO] - Finished running a problem coordinator of class <class 'coordinator.Coordinator'>
[2024-11-26 20:01:33,857][base_simulator][INFO] - Running a solver of class <class 'RIPTRM.RIPTRM'>
[2024-11-26 20:02:19,826][base_simulator][INFO] - Finished running a solver of class <class 'RIPTRM.RIPTRM'>
[2024-11-26 20:02:19,826][base_simulator][INFO] - Finished running a simulator of class <class 'base_simulator.Simulator'> -- instance: 1, initial point: a
[2024-11-26 20:02:36,560][base_simulator][INFO] - Running a simulator of class <class 'base_simulator.Simulator'> -- instance: 1, initial point: a
[2024-11-26 20:02:37,501][base_simulator][INFO] - Running a problem coordinator of class <class 'coordinator.Coordinator'>
[2024-11-26 20:02:37,505][base_simulator][INFO] - Finished running a problem coordinator of class <class 'coordinator.Coordinator'>
[2024-11-26 20:02:38,807][base_simulator][INFO] - Running a solver of class <class 'RIPTRM.RIPTRM'>
[2024-11-26 20:03:20,322][base_simulator][INFO] - Running a simulator of class <class 'base_simulator.Simulator'> -- instance: 1, initial point: a
[2024-11-26 20:03:22,030][base_simulator][INFO] - Running a problem coordinator of class <class 'coordinator.Coordinator'>
[2024-11-26 20:03:22,033][base_simulator][INFO] - Finished running a problem coordinator of class <class 'coordinator.Coordinator'>
[2024-11-26 20:03:23,336][base_simulator][INFO] - Running a solver of class <class 'RIPTRM.RIPTRM'>
[2024-11-26 20:41:18,938][base_simulator][INFO] - Running a simulator of class <class 'base_simulator.Simulator'> -- instance: 1, initial point: a
[2024-11-26 20:41:19,602][base_simulator][INFO] - Running a problem coordinator of class <class 'coordinator.Coordinator'>
[2024-11-26 20:41:19,605][base_simulator][INFO] - Finished running a problem coordinator of class <class 'coordinator.Coordinator'>
[2024-11-26 20:41:20,829][base_simulator][INFO] - Running a solver of class <class 'RIPTRM.RIPTRM'>
[2024-11-26 20:42:05,046][base_simulator][INFO] - Finished running a solver of class <class 'RIPTRM.RIPTRM'>
[2024-11-26 20:42:05,047][base_simulator][INFO] - Finished running a simulator of class <class 'base_simulator.Simulator'> -- instance: 1, initial point: a
[2024-11-26 21:01:08,515][base_simulator][INFO] - Running a simulator of class <class 'base_simulator.Simulator'> -- instance: 1, initial point: a
[2024-11-26 21:01:09,851][base_simulator][INFO] - Running a problem coordinator of class <class 'coordinator.Coordinator'>
[2024-11-26 21:01:09,854][base_simulator][INFO] - Finished running a problem coordinator of class <class 'coordinator.Coordinator'>
[2024-11-26 21:01:11,303][base_simulator][INFO] - Running a solver of class <class 'RIPTRM.RIPTRM'>
[2024-11-26 21:01:53,704][base_simulator][INFO] - Finished running a solver of class <class 'RIPTRM.RIPTRM'>
[2024-11-26 21:01:53,705][base_simulator][INFO] - Finished running a simulator of class <class 'base_simulator.Simulator'> -- instance: 1, initial point: a
[2024-11-26 22:04:38,552][base_simulator][INFO] - Running a simulator of class <class 'base_simulator.Simulator'> -- instance: 1, initial point: a
[2024-11-26 22:04:39,070][base_simulator][INFO] - Running a problem coordinator of class <class 'coordinator.Coordinator'>
[2024-11-26 22:04:39,072][base_simulator][INFO] - Finished running a problem coordinator of class <class 'coordinator.Coordinator'>
[2024-11-26 22:04:40,280][base_simulator][INFO] - Running a solver of class <class 'RIPTRM.RIPTRM'>
[2024-11-26 22:05:48,349][base_simulator][INFO] - Running a simulator of class <class 'base_simulator.Simulator'> -- instance: 1, initial point: a
[2024-11-26 22:05:49,836][base_simulator][INFO] - Running a problem coordinator of class <class 'coordinator.Coordinator'>
[2024-11-26 22:05:49,839][base_simulator][INFO] - Finished running a problem coordinator of class <class 'coordinator.Coordinator'>
[2024-11-26 22:05:51,126][base_simulator][INFO] - Running a solver of class <class 'RIPTRM.RIPTRM'>
[2024-11-26 22:06:54,983][base_simulator][INFO] - Running a simulator of class <class 'base_simulator.Simulator'> -- instance: 1, initial point: a
[2024-11-26 22:06:55,495][base_simulator][INFO] - Running a problem coordinator of class <class 'coordinator.Coordinator'>
[2024-11-26 22:06:55,497][base_simulator][INFO] - Finished running a problem coordinator of class <class 'coordinator.Coordinator'>
[2024-11-26 22:06:56,767][base_simulator][INFO] - Running a solver of class <class 'RIPTRM.RIPTRM'>
[2024-11-26 22:07:46,838][base_simulator][INFO] - Finished running a solver of class <class 'RIPTRM.RIPTRM'>
[2024-11-26 22:07:46,838][base_simulator][INFO] - Finished running a simulator of class <class 'base_simulator.Simulator'> -- instance: 1, initial point: a
[2024-11-26 22:19:19,169][base_simulator][INFO] - Running a simulator of class <class 'base_simulator.Simulator'> -- instance: 1, initial point: a
[2024-11-26 22:19:20,069][base_simulator][INFO] - Running a problem coordinator of class <class 'coordinator.Coordinator'>
[2024-11-26 22:19:20,072][base_simulator][INFO] - Finished running a problem coordinator of class <class 'coordinator.Coordinator'>
[2024-11-26 22:19:21,424][base_simulator][INFO] - Running a solver of class <class 'RIPTRM.RIPTRM'>
[2024-11-26 22:20:50,478][base_simulator][INFO] - Running a simulator of class <class 'base_simulator.Simulator'> -- instance: 1, initial point: a
[2024-11-26 22:20:51,423][base_simulator][INFO] - Running a problem coordinator of class <class 'coordinator.Coordinator'>
[2024-11-26 22:20:51,427][base_simulator][INFO] - Finished running a problem coordinator of class <class 'coordinator.Coordinator'>
[2024-11-26 22:20:52,754][base_simulator][INFO] - Running a solver of class <class 'RIPTRM.RIPTRM'>
[2024-11-26 22:21:27,417][base_simulator][INFO] - Running a simulator of class <class 'base_simulator.Simulator'> -- instance: 1, initial point: a
[2024-11-26 22:21:28,860][base_simulator][INFO] - Running a problem coordinator of class <class 'coordinator.Coordinator'>
[2024-11-26 22:21:28,863][base_simulator][INFO] - Finished running a problem coordinator of class <class 'coordinator.Coordinator'>
[2024-11-26 22:21:30,145][base_simulator][INFO] - Running a solver of class <class 'RIPTRM.RIPTRM'>
[2024-11-26 22:21:59,947][base_simulator][INFO] - Finished running a solver of class <class 'RIPTRM.RIPTRM'>
[2024-11-26 22:21:59,947][base_simulator][INFO] - Finished running a simulator of class <class 'base_simulator.Simulator'> -- instance: 1, initial point: a
[2024-11-26 22:23:09,562][base_simulator][INFO] - Running a simulator of class <class 'base_simulator.Simulator'> -- instance: 1, initial point: a
[2024-11-26 22:23:10,955][base_simulator][INFO] - Running a problem coordinator of class <class 'coordinator.Coordinator'>
[2024-11-26 22:23:10,958][base_simulator][INFO] - Finished running a problem coordinator of class <class 'coordinator.Coordinator'>
[2024-11-26 22:23:12,283][base_simulator][INFO] - Running a solver of class <class 'RIPTRM.RIPTRM'>
[2024-11-26 22:23:43,743][base_simulator][INFO] - Finished running a solver of class <class 'RIPTRM.RIPTRM'>
[2024-11-26 22:23:43,744][base_simulator][INFO] - Finished running a simulator of class <class 'base_simulator.Simulator'> -- instance: 1, initial point: a
[2024-11-26 22:27:41,672][base_simulator][INFO] - Running a simulator of class <class 'base_simulator.Simulator'> -- instance: 1, initial point: a
[2024-11-26 22:27:42,632][base_simulator][INFO] - Running a problem coordinator of class <class 'coordinator.Coordinator'>
[2024-11-26 22:27:42,636][base_simulator][INFO] - Finished running a problem coordinator of class <class 'coordinator.Coordinator'>
[2024-11-26 22:27:43,975][base_simulator][INFO] - Running a solver of class <class 'RIPTRM.RIPTRM'>
[2024-11-26 22:28:27,935][base_simulator][INFO] - Running a simulator of class <class 'base_simulator.Simulator'> -- instance: 1, initial point: a
[2024-11-26 22:28:28,698][base_simulator][INFO] - Running a problem coordinator of class <class 'coordinator.Coordinator'>
[2024-11-26 22:28:28,701][base_simulator][INFO] - Finished running a problem coordinator of class <class 'coordinator.Coordinator'>
[2024-11-26 22:28:29,917][base_simulator][INFO] - Running a solver of class <class 'RIPTRM.RIPTRM'>
[2024-11-26 22:29:13,822][base_simulator][INFO] - Finished running a solver of class <class 'RIPTRM.RIPTRM'>
[2024-11-26 22:29:13,823][base_simulator][INFO] - Finished running a simulator of class <class 'base_simulator.Simulator'> -- instance: 1, initial point: a
[2024-11-26 22:30:49,473][base_simulator][INFO] - Running a simulator of class <class 'base_simulator.Simulator'> -- instance: 2, initial point: a
[2024-11-26 22:30:50,412][base_simulator][INFO] - Running a problem coordinator of class <class 'coordinator.Coordinator'>
[2024-11-26 22:30:50,416][base_simulator][INFO] - Finished running a problem coordinator of class <class 'coordinator.Coordinator'>
[2024-11-26 22:30:51,789][base_simulator][INFO] - Running a solver of class <class 'RSQO.RSQO'>
[2024-11-26 22:31:15,835][base_simulator][INFO] - Running a simulator of class <class 'base_simulator.Simulator'> -- instance: 2, initial point: a
[2024-11-26 22:31:17,323][base_simulator][INFO] - Running a problem coordinator of class <class 'coordinator.Coordinator'>
[2024-11-26 22:31:17,326][base_simulator][INFO] - Finished running a problem coordinator of class <class 'coordinator.Coordinator'>
[2024-11-26 22:31:18,655][base_simulator][INFO] - Running a solver of class <class 'RSQO.RSQO'>
[2024-11-26 22:33:03,585][base_simulator][INFO] - Finished running a solver of class <class 'RSQO.RSQO'>
[2024-11-26 22:33:04,107][base_simulator][INFO] - Running a solver of class <class 'RIPTRM.RIPTRM'>
[2024-11-26 22:35:12,050][base_simulator][INFO] - Finished running a solver of class <class 'RIPTRM.RIPTRM'>
[2024-11-26 22:35:12,051][base_simulator][INFO] - Finished running a simulator of class <class 'base_simulator.Simulator'> -- instance: 2, initial point: a
[2024-11-26 22:36:00,457][base_simulator][INFO] - Running a simulator of class <class 'base_simulator.Simulator'> -- instance: 2, initial point: a
[2024-11-26 22:36:01,386][base_simulator][INFO] - Running a problem coordinator of class <class 'coordinator.Coordinator'>
[2024-11-26 22:36:01,391][base_simulator][INFO] - Finished running a problem coordinator of class <class 'coordinator.Coordinator'>
[2024-11-26 22:36:02,617][base_simulator][INFO] - Running a solver of class <class 'RSQO.RSQO'>
[2024-11-26 22:37:45,388][base_simulator][INFO] - Finished running a solver of class <class 'RSQO.RSQO'>
[2024-11-26 22:37:45,956][base_simulator][INFO] - Running a solver of class <class 'RIPTRM.RIPTRM'>
[2024-11-26 22:39:49,351][base_simulator][INFO] - Finished running a solver of class <class 'RIPTRM.RIPTRM'>
[2024-11-26 22:39:49,352][base_simulator][INFO] - Finished running a simulator of class <class 'base_simulator.Simulator'> -- instance: 2, initial point: a
[2024-11-26 22:40:05,662][base_simulator][INFO] - Running a simulator of class <class 'base_simulator.Simulator'> -- instance: 2, initial point: a
[2024-11-26 22:40:06,620][base_simulator][INFO] - Running a problem coordinator of class <class 'coordinator.Coordinator'>
[2024-11-26 22:40:06,624][base_simulator][INFO] - Finished running a problem coordinator of class <class 'coordinator.Coordinator'>
[2024-11-26 22:40:07,848][base_simulator][INFO] - Running a solver of class <class 'RSQO.RSQO'>
[2024-11-26 22:40:36,204][base_simulator][INFO] - Running a simulator of class <class 'base_simulator.Simulator'> -- instance: 2, initial point: a
[2024-11-26 22:40:36,924][base_simulator][INFO] - Running a problem coordinator of class <class 'coordinator.Coordinator'>
[2024-11-26 22:40:36,928][base_simulator][INFO] - Finished running a problem coordinator of class <class 'coordinator.Coordinator'>
[2024-11-26 22:40:38,143][base_simulator][INFO] - Running a solver of class <class 'RIPTRM.RIPTRM'>
[2024-11-26 22:42:43,958][base_simulator][INFO] - Finished running a solver of class <class 'RIPTRM.RIPTRM'>
[2024-11-26 22:42:43,958][base_simulator][INFO] - Finished running a simulator of class <class 'base_simulator.Simulator'> -- instance: 2, initial point: a
