[2025-12-04 14:16:09,587][base_simulator][INFO] - Running a simulator of class <class '__main__.Simulator'> -- instance: 1, initial point: a
[2025-12-04 14:16:09,881][base_simulator][INFO] - Running a problem coordinator of class <class 'coordinator.Coordinator'>
[2025-12-04 14:16:09,885][base_simulator][INFO] - Finished running a problem coordinator of class <class 'coordinator.Coordinator'>
[2025-12-04 14:16:09,887][base_simulator][INFO] - Running a solver of class <class 'RIPTRM.RIPTRM'>
[2025-12-04 14:16:27,679][base_simulator][INFO] - Finished running a solver of class <class 'RIPTRM.RIPTRM'>
[2025-12-04 14:16:27,684][base_simulator][INFO] - Running a solver of class <class 'RSQO.RSQO'>
[2025-12-04 14:16:36,379][base_simulator][INFO] - Finished running a solver of class <class 'RSQO.RSQO'>
[2025-12-04 14:16:36,380][base_simulator][INFO] - Running a solver of class <class 'RALM.RALM'>
[2025-12-04 14:16:36,691][base_simulator][INFO] - Finished running a solver of class <class 'RALM.RALM'>
[2025-12-04 14:16:36,693][base_simulator][INFO] - Running a solver of class <class 'RIPM.RIPM'>
[2025-12-04 14:18:11,109][base_simulator][INFO] - Running a simulator of class <class '__main__.Simulator'> -- instance: 1, initial point: a
[2025-12-04 14:18:11,377][base_simulator][INFO] - Running a problem coordinator of class <class 'coordinator.Coordinator'>
[2025-12-04 14:18:11,379][base_simulator][INFO] - Finished running a problem coordinator of class <class 'coordinator.Coordinator'>
[2025-12-04 14:18:11,381][base_simulator][INFO] - Running a solver of class <class 'RIPTRM.RIPTRM'>
[2025-12-04 14:18:28,622][base_simulator][INFO] - Finished running a solver of class <class 'RIPTRM.RIPTRM'>
[2025-12-04 14:18:28,626][base_simulator][INFO] - Running a solver of class <class 'RSQO.RSQO'>
[2025-12-04 14:18:37,084][base_simulator][INFO] - Finished running a solver of class <class 'RSQO.RSQO'>
[2025-12-04 14:18:37,085][base_simulator][INFO] - Running a solver of class <class 'RALM.RALM'>
[2025-12-04 14:18:37,369][base_simulator][INFO] - Finished running a solver of class <class 'RALM.RALM'>
[2025-12-04 14:18:37,370][base_simulator][INFO] - Running a solver of class <class 'RIPM.RIPM'>
[2025-12-04 14:19:40,934][base_simulator][INFO] - Finished running a solver of class <class 'RIPM.RIPM'>
[2025-12-04 14:19:40,935][base_simulator][INFO] - Finished running a simulator of class <class '__main__.Simulator'> -- instance: 1, initial point: a
[2025-12-04 14:21:10,596][base_simulator][INFO] - Running a simulator of class <class '__main__.Simulator'> -- instance: 1, initial point: a
[2025-12-04 14:21:10,877][base_simulator][INFO] - Running a problem coordinator of class <class 'coordinator.Coordinator'>
[2025-12-04 14:21:10,879][base_simulator][INFO] - Finished running a problem coordinator of class <class 'coordinator.Coordinator'>
[2025-12-04 14:21:10,881][base_simulator][INFO] - Running a solver of class <class 'RIPTRM.RIPTRM'>
[2025-12-04 14:22:51,990][base_simulator][INFO] - Finished running a solver of class <class 'RIPTRM.RIPTRM'>
[2025-12-04 14:22:51,995][base_simulator][INFO] - Running a solver of class <class 'RSQO.RSQO'>
[2025-12-04 14:23:00,491][base_simulator][INFO] - Finished running a solver of class <class 'RSQO.RSQO'>
[2025-12-04 14:23:00,491][base_simulator][INFO] - Finished running a simulator of class <class '__main__.Simulator'> -- instance: 1, initial point: a
[2025-12-04 14:28:51,886][base_simulator][INFO] - Running a simulator of class <class '__main__.Simulator'> -- instance: 1, initial point: a
[2025-12-04 14:28:52,161][base_simulator][INFO] - Running a problem coordinator of class <class 'coordinator.Coordinator'>
[2025-12-04 14:28:52,163][base_simulator][INFO] - Finished running a problem coordinator of class <class 'coordinator.Coordinator'>
[2025-12-04 14:28:52,166][base_simulator][INFO] - Running a solver of class <class 'RSQO.RSQO'>
[2025-12-04 14:29:00,878][base_simulator][INFO] - Finished running a solver of class <class 'RSQO.RSQO'>
[2025-12-04 14:29:00,878][base_simulator][INFO] - Finished running a simulator of class <class '__main__.Simulator'> -- instance: 1, initial point: a
[2025-12-04 14:35:16,068][base_simulator][INFO] - Running a simulator of class <class '__main__.Simulator'> -- instance: 1, initial point: a
[2025-12-04 14:35:16,349][base_simulator][INFO] - Running a problem coordinator of class <class 'coordinator.Coordinator'>
[2025-12-04 14:35:16,351][base_simulator][INFO] - Finished running a problem coordinator of class <class 'coordinator.Coordinator'>
[2025-12-04 14:35:16,355][base_simulator][INFO] - Running a solver of class <class 'RSQO.RSQO'>
[2025-12-04 14:36:58,194][base_simulator][INFO] - Finished running a solver of class <class 'RSQO.RSQO'>
[2025-12-04 14:36:58,196][base_simulator][INFO] - Running a solver of class <class 'RIPM.RIPM'>
[2025-12-04 14:38:38,788][base_simulator][INFO] - Finished running a solver of class <class 'RIPM.RIPM'>
[2025-12-04 14:38:38,790][base_simulator][INFO] - Running a solver of class <class 'RIPTRM.RIPTRM'>
[2025-12-04 14:40:19,890][base_simulator][INFO] - Finished running a solver of class <class 'RIPTRM.RIPTRM'>
[2025-12-04 14:40:19,892][base_simulator][INFO] - Running a solver of class <class 'RALM.RALM'>
[2025-12-04 14:40:32,486][base_simulator][INFO] - Finished running a solver of class <class 'RALM.RALM'>
[2025-12-04 14:40:32,486][base_simulator][INFO] - Finished running a simulator of class <class '__main__.Simulator'> -- instance: 1, initial point: a
[2025-12-04 14:42:57,032][base_simulator][INFO] - Running a simulator of class <class '__main__.Simulator'> -- instance: 1, initial point: a
[2025-12-04 14:42:57,315][base_simulator][INFO] - Running a problem coordinator of class <class 'coordinator.Coordinator'>
[2025-12-04 14:42:57,317][base_simulator][INFO] - Finished running a problem coordinator of class <class 'coordinator.Coordinator'>
[2025-12-04 14:42:57,319][base_simulator][INFO] - Running a solver of class <class 'RALM.RALM'>
[2025-12-04 14:43:11,175][base_simulator][INFO] - Finished running a solver of class <class 'RALM.RALM'>
[2025-12-04 14:43:11,175][base_simulator][INFO] - Finished running a simulator of class <class '__main__.Simulator'> -- instance: 1, initial point: a
[2025-12-04 14:47:25,945][base_simulator][INFO] - Running a simulator of class <class '__main__.Simulator'> -- instance: 1, initial point: a
[2025-12-04 14:47:26,212][base_simulator][INFO] - Running a problem coordinator of class <class 'coordinator.Coordinator'>
[2025-12-04 14:47:26,213][base_simulator][INFO] - Finished running a problem coordinator of class <class 'coordinator.Coordinator'>
[2025-12-04 14:47:26,215][base_simulator][INFO] - Running a solver of class <class 'RALM.RALM'>
[2025-12-04 14:47:39,733][base_simulator][INFO] - Finished running a solver of class <class 'RALM.RALM'>
[2025-12-04 14:47:39,733][base_simulator][INFO] - Finished running a simulator of class <class '__main__.Simulator'> -- instance: 1, initial point: a
[2025-12-04 14:57:08,627][base_simulator][INFO] - Running a simulator of class <class '__main__.Simulator'> -- instance: 1, initial point: a
[2025-12-04 14:57:08,908][base_simulator][INFO] - Running a problem coordinator of class <class 'coordinator.Coordinator'>
[2025-12-04 14:57:08,911][base_simulator][INFO] - Finished running a problem coordinator of class <class 'coordinator.Coordinator'>
[2025-12-04 14:57:08,912][base_simulator][INFO] - Running a solver of class <class 'RALM.RALM'>
[2025-12-04 14:57:18,400][base_simulator][INFO] - Finished running a solver of class <class 'RALM.RALM'>
[2025-12-04 14:57:18,400][base_simulator][INFO] - Finished running a simulator of class <class '__main__.Simulator'> -- instance: 1, initial point: a
[2025-12-04 14:57:45,815][base_simulator][INFO] - Running a simulator of class <class '__main__.Simulator'> -- instance: 1, initial point: a
[2025-12-04 14:57:46,120][base_simulator][INFO] - Running a problem coordinator of class <class 'coordinator.Coordinator'>
[2025-12-04 14:57:46,122][base_simulator][INFO] - Finished running a problem coordinator of class <class 'coordinator.Coordinator'>
[2025-12-04 14:57:46,124][base_simulator][INFO] - Running a solver of class <class 'RALM.RALM'>
[2025-12-04 14:57:46,216][base_simulator][INFO] - Finished running a solver of class <class 'RALM.RALM'>
[2025-12-04 14:57:46,216][base_simulator][INFO] - Finished running a simulator of class <class '__main__.Simulator'> -- instance: 1, initial point: a
[2025-12-04 14:57:58,892][base_simulator][INFO] - Running a simulator of class <class '__main__.Simulator'> -- instance: 1, initial point: a
[2025-12-04 14:57:59,168][base_simulator][INFO] - Running a problem coordinator of class <class 'coordinator.Coordinator'>
[2025-12-04 14:57:59,170][base_simulator][INFO] - Finished running a problem coordinator of class <class 'coordinator.Coordinator'>
[2025-12-04 14:57:59,172][base_simulator][INFO] - Running a solver of class <class 'RALM.RALM'>
[2025-12-04 14:57:59,262][base_simulator][INFO] - Finished running a solver of class <class 'RALM.RALM'>
[2025-12-04 14:57:59,262][base_simulator][INFO] - Finished running a simulator of class <class '__main__.Simulator'> -- instance: 1, initial point: a
[2025-12-04 14:59:01,388][base_simulator][INFO] - Running a simulator of class <class '__main__.Simulator'> -- instance: 1, initial point: a
[2025-12-04 14:59:01,651][base_simulator][INFO] - Running a problem coordinator of class <class 'coordinator.Coordinator'>
[2025-12-04 14:59:01,653][base_simulator][INFO] - Finished running a problem coordinator of class <class 'coordinator.Coordinator'>
[2025-12-04 14:59:01,655][base_simulator][INFO] - Running a solver of class <class 'RALM.RALM'>
[2025-12-04 14:59:20,794][base_simulator][INFO] - Running a simulator of class <class '__main__.Simulator'> -- instance: 1, initial point: a
[2025-12-04 14:59:21,055][base_simulator][INFO] - Running a problem coordinator of class <class 'coordinator.Coordinator'>
[2025-12-04 14:59:21,057][base_simulator][INFO] - Finished running a problem coordinator of class <class 'coordinator.Coordinator'>
[2025-12-04 14:59:21,058][base_simulator][INFO] - Running a solver of class <class 'RALM.RALM'>
[2025-12-04 14:59:30,260][base_simulator][INFO] - Running a simulator of class <class '__main__.Simulator'> -- instance: 1, initial point: a
[2025-12-04 14:59:30,528][base_simulator][INFO] - Running a problem coordinator of class <class 'coordinator.Coordinator'>
[2025-12-04 14:59:30,530][base_simulator][INFO] - Finished running a problem coordinator of class <class 'coordinator.Coordinator'>
[2025-12-04 14:59:30,532][base_simulator][INFO] - Running a solver of class <class 'RALM.RALM'>
[2025-12-04 14:59:40,019][base_simulator][INFO] - Running a simulator of class <class '__main__.Simulator'> -- instance: 1, initial point: a
[2025-12-04 14:59:40,285][base_simulator][INFO] - Running a problem coordinator of class <class 'coordinator.Coordinator'>
[2025-12-04 14:59:40,287][base_simulator][INFO] - Finished running a problem coordinator of class <class 'coordinator.Coordinator'>
[2025-12-04 14:59:40,289][base_simulator][INFO] - Running a solver of class <class 'RALM.RALM'>
[2025-12-04 14:59:40,382][base_simulator][INFO] - Finished running a solver of class <class 'RALM.RALM'>
[2025-12-04 14:59:40,382][base_simulator][INFO] - Finished running a simulator of class <class '__main__.Simulator'> -- instance: 1, initial point: a
[2025-12-04 15:00:30,128][base_simulator][INFO] - Running a simulator of class <class '__main__.Simulator'> -- instance: 1, initial point: a
[2025-12-04 15:00:30,448][base_simulator][INFO] - Running a problem coordinator of class <class 'coordinator.Coordinator'>
[2025-12-04 15:00:30,451][base_simulator][INFO] - Finished running a problem coordinator of class <class 'coordinator.Coordinator'>
[2025-12-04 15:00:30,452][base_simulator][INFO] - Running a solver of class <class 'RALM.RALM'>
[2025-12-04 15:00:30,660][base_simulator][INFO] - Finished running a solver of class <class 'RALM.RALM'>
[2025-12-04 15:00:30,660][base_simulator][INFO] - Finished running a simulator of class <class '__main__.Simulator'> -- instance: 1, initial point: a
[2025-12-04 15:00:39,516][base_simulator][INFO] - Running a simulator of class <class '__main__.Simulator'> -- instance: 1, initial point: a
[2025-12-04 15:00:39,827][base_simulator][INFO] - Running a problem coordinator of class <class 'coordinator.Coordinator'>
[2025-12-04 15:00:39,829][base_simulator][INFO] - Finished running a problem coordinator of class <class 'coordinator.Coordinator'>
[2025-12-04 15:00:39,831][base_simulator][INFO] - Running a solver of class <class 'RALM.RALM'>
[2025-12-04 15:00:40,051][base_simulator][INFO] - Finished running a solver of class <class 'RALM.RALM'>
[2025-12-04 15:00:40,051][base_simulator][INFO] - Finished running a simulator of class <class '__main__.Simulator'> -- instance: 1, initial point: a
[2025-12-04 15:00:51,369][base_simulator][INFO] - Running a simulator of class <class '__main__.Simulator'> -- instance: 1, initial point: a
[2025-12-04 15:00:51,645][base_simulator][INFO] - Running a problem coordinator of class <class 'coordinator.Coordinator'>
[2025-12-04 15:00:51,647][base_simulator][INFO] - Finished running a problem coordinator of class <class 'coordinator.Coordinator'>
[2025-12-04 15:00:51,649][base_simulator][INFO] - Running a solver of class <class 'RALM.RALM'>
[2025-12-04 15:00:51,857][base_simulator][INFO] - Finished running a solver of class <class 'RALM.RALM'>
[2025-12-04 15:00:51,857][base_simulator][INFO] - Finished running a simulator of class <class '__main__.Simulator'> -- instance: 1, initial point: a
[2025-12-04 15:01:14,174][base_simulator][INFO] - Running a simulator of class <class '__main__.Simulator'> -- instance: 1, initial point: a
[2025-12-04 15:01:14,480][base_simulator][INFO] - Running a problem coordinator of class <class 'coordinator.Coordinator'>
[2025-12-04 15:01:14,483][base_simulator][INFO] - Finished running a problem coordinator of class <class 'coordinator.Coordinator'>
[2025-12-04 15:01:14,485][base_simulator][INFO] - Running a solver of class <class 'RALM.RALM'>
[2025-12-04 15:01:14,686][base_simulator][INFO] - Finished running a solver of class <class 'RALM.RALM'>
[2025-12-04 15:01:14,688][base_simulator][INFO] - Running a solver of class <class 'RIPM.RIPM'>
[2025-12-04 15:01:41,824][base_simulator][INFO] - Running a simulator of class <class '__main__.Simulator'> -- instance: 1, initial point: a
[2025-12-04 15:01:42,130][base_simulator][INFO] - Running a problem coordinator of class <class 'coordinator.Coordinator'>
[2025-12-04 15:01:42,133][base_simulator][INFO] - Finished running a problem coordinator of class <class 'coordinator.Coordinator'>
[2025-12-04 15:01:42,135][base_simulator][INFO] - Running a solver of class <class 'RALM.RALM'>
[2025-12-04 15:01:55,121][base_simulator][INFO] - Finished running a solver of class <class 'RALM.RALM'>
[2025-12-04 15:01:55,122][base_simulator][INFO] - Running a solver of class <class 'RIPM.RIPM'>
[2025-12-04 15:03:35,398][base_simulator][INFO] - Finished running a solver of class <class 'RIPM.RIPM'>
[2025-12-04 15:03:35,401][base_simulator][INFO] - Running a solver of class <class 'RSQO.RSQO'>
[2025-12-04 15:05:17,250][base_simulator][INFO] - Finished running a solver of class <class 'RSQO.RSQO'>
[2025-12-04 15:05:17,252][base_simulator][INFO] - Running a solver of class <class 'RIPTRM.RIPTRM'>
[2025-12-04 15:06:58,351][base_simulator][INFO] - Finished running a solver of class <class 'RIPTRM.RIPTRM'>
[2025-12-04 15:06:58,351][base_simulator][INFO] - Finished running a simulator of class <class '__main__.Simulator'> -- instance: 1, initial point: a
[2025-12-04 15:07:50,939][base_simulator][INFO] - Running a simulator of class <class '__main__.Simulator'> -- instance: 1, initial point: a
[2025-12-04 15:07:51,219][base_simulator][INFO] - Running a problem coordinator of class <class 'coordinator.Coordinator'>
[2025-12-04 15:07:51,221][base_simulator][INFO] - Finished running a problem coordinator of class <class 'coordinator.Coordinator'>
[2025-12-04 15:07:51,224][base_simulator][INFO] - Running a solver of class <class 'RSQO.RSQO'>
[2025-12-04 15:09:33,045][base_simulator][INFO] - Finished running a solver of class <class 'RSQO.RSQO'>
[2025-12-04 15:09:33,046][base_simulator][INFO] - Running a solver of class <class 'RIPTRM.RIPTRM'>
[2025-12-04 15:11:28,897][base_simulator][INFO] - Finished running a solver of class <class 'RIPTRM.RIPTRM'>
[2025-12-04 15:11:28,897][base_simulator][INFO] - Finished running a simulator of class <class '__main__.Simulator'> -- instance: 1, initial point: a
[2025-12-04 15:12:24,229][base_simulator][INFO] - Running a simulator of class <class '__main__.Simulator'> -- instance: 1, initial point: a
[2025-12-04 15:12:24,503][base_simulator][INFO] - Running a problem coordinator of class <class 'coordinator.Coordinator'>
[2025-12-04 15:12:24,506][base_simulator][INFO] - Finished running a problem coordinator of class <class 'coordinator.Coordinator'>
[2025-12-04 15:12:24,509][base_simulator][INFO] - Running a solver of class <class 'RSQO.RSQO'>
[2025-12-04 15:14:06,331][base_simulator][INFO] - Finished running a solver of class <class 'RSQO.RSQO'>
[2025-12-04 15:14:06,333][base_simulator][INFO] - Running a solver of class <class 'RIPTRM.RIPTRM'>
[2025-12-04 15:16:01,010][base_simulator][INFO] - Finished running a solver of class <class 'RIPTRM.RIPTRM'>
[2025-12-04 15:16:01,011][base_simulator][INFO] - Finished running a simulator of class <class '__main__.Simulator'> -- instance: 1, initial point: a
[2025-12-04 15:17:10,465][base_simulator][INFO] - Running a simulator of class <class '__main__.Simulator'> -- instance: 1, initial point: a
[2025-12-04 15:17:10,742][base_simulator][INFO] - Running a problem coordinator of class <class 'coordinator.Coordinator'>
[2025-12-04 15:17:10,744][base_simulator][INFO] - Finished running a problem coordinator of class <class 'coordinator.Coordinator'>
[2025-12-04 15:17:10,746][base_simulator][INFO] - Running a solver of class <class 'RIPM.RIPM'>
[2025-12-04 15:18:51,056][base_simulator][INFO] - Finished running a solver of class <class 'RIPM.RIPM'>
[2025-12-04 15:18:51,059][base_simulator][INFO] - Running a solver of class <class 'RALM.RALM'>
[2025-12-04 15:19:03,472][base_simulator][INFO] - Finished running a solver of class <class 'RALM.RALM'>
[2025-12-04 15:19:03,475][base_simulator][INFO] - Running a solver of class <class 'RSQO.RSQO'>
[2025-12-04 15:20:45,324][base_simulator][INFO] - Finished running a solver of class <class 'RSQO.RSQO'>
[2025-12-04 15:20:45,326][base_simulator][INFO] - Running a solver of class <class 'RIPTRM.RIPTRM'>
[2025-12-04 15:22:26,417][base_simulator][INFO] - Finished running a solver of class <class 'RIPTRM.RIPTRM'>
[2025-12-04 15:22:26,417][base_simulator][INFO] - Finished running a simulator of class <class '__main__.Simulator'> -- instance: 1, initial point: a
[2025-12-04 15:23:39,715][base_simulator][INFO] - Running a simulator of class <class '__main__.Simulator'> -- instance: 1, initial point: a
[2025-12-04 15:23:39,992][base_simulator][INFO] - Running a problem coordinator of class <class 'coordinator.Coordinator'>
[2025-12-04 15:23:39,994][base_simulator][INFO] - Finished running a problem coordinator of class <class 'coordinator.Coordinator'>
[2025-12-04 15:23:39,996][base_simulator][INFO] - Running a solver of class <class 'RALM.RALM'>
[2025-12-04 15:23:40,324][base_simulator][INFO] - Finished running a solver of class <class 'RALM.RALM'>
[2025-12-04 15:23:40,326][base_simulator][INFO] - Running a solver of class <class 'RIPM.RIPM'>
[2025-12-04 15:23:55,594][base_simulator][INFO] - Running a simulator of class <class '__main__.Simulator'> -- instance: 1, initial point: a
[2025-12-04 15:23:55,875][base_simulator][INFO] - Running a problem coordinator of class <class 'coordinator.Coordinator'>
[2025-12-04 15:23:55,877][base_simulator][INFO] - Finished running a problem coordinator of class <class 'coordinator.Coordinator'>
[2025-12-04 15:23:55,879][base_simulator][INFO] - Running a solver of class <class 'RALM.RALM'>
[2025-12-04 15:23:56,018][base_simulator][INFO] - Finished running a solver of class <class 'RALM.RALM'>
[2025-12-04 15:23:56,020][base_simulator][INFO] - Running a solver of class <class 'RIPM.RIPM'>
[2025-12-04 15:24:15,240][base_simulator][INFO] - Running a simulator of class <class '__main__.Simulator'> -- instance: 1, initial point: a
[2025-12-04 15:24:15,550][base_simulator][INFO] - Running a problem coordinator of class <class 'coordinator.Coordinator'>
[2025-12-04 15:24:15,552][base_simulator][INFO] - Finished running a problem coordinator of class <class 'coordinator.Coordinator'>
[2025-12-04 15:24:15,554][base_simulator][INFO] - Running a solver of class <class 'RALM.RALM'>
[2025-12-04 15:24:15,687][base_simulator][INFO] - Finished running a solver of class <class 'RALM.RALM'>
[2025-12-04 15:24:15,688][base_simulator][INFO] - Running a solver of class <class 'RIPM.RIPM'>
[2025-12-04 15:24:26,432][base_simulator][INFO] - Finished running a solver of class <class 'RIPM.RIPM'>
[2025-12-04 15:24:26,437][base_simulator][INFO] - Running a solver of class <class 'RSQO.RSQO'>
[2025-12-04 15:24:27,785][base_simulator][INFO] - Finished running a solver of class <class 'RSQO.RSQO'>
[2025-12-04 15:24:27,813][base_simulator][INFO] - Running a solver of class <class 'RIPTRM.RIPTRM'>
[2025-12-04 15:26:09,997][base_simulator][INFO] - Finished running a solver of class <class 'RIPTRM.RIPTRM'>
[2025-12-04 15:26:09,997][base_simulator][INFO] - Finished running a simulator of class <class '__main__.Simulator'> -- instance: 1, initial point: a
[2025-12-04 15:28:54,438][base_simulator][INFO] - Running a simulator of class <class '__main__.Simulator'> -- instance: 1, initial point: a
[2025-12-04 15:28:54,716][base_simulator][INFO] - Running a problem coordinator of class <class 'coordinator.Coordinator'>
[2025-12-04 15:28:54,719][base_simulator][INFO] - Finished running a problem coordinator of class <class 'coordinator.Coordinator'>
[2025-12-04 15:28:54,720][base_simulator][INFO] - Running a solver of class <class 'RALM.RALM'>
[2025-12-04 15:28:55,121][base_simulator][INFO] - Finished running a solver of class <class 'RALM.RALM'>
[2025-12-04 15:28:55,122][base_simulator][INFO] - Running a solver of class <class 'RIPM.RIPM'>
[2025-12-04 15:30:37,352][base_simulator][INFO] - Finished running a solver of class <class 'RIPM.RIPM'>
[2025-12-04 15:30:37,355][base_simulator][INFO] - Running a solver of class <class 'RSQO.RSQO'>
[2025-12-04 15:31:05,971][base_simulator][INFO] - Finished running a solver of class <class 'RSQO.RSQO'>
[2025-12-04 15:31:05,973][base_simulator][INFO] - Running a solver of class <class 'RIPTRM.RIPTRM'>
[2025-12-04 15:31:53,561][base_simulator][INFO] - Finished running a solver of class <class 'RIPTRM.RIPTRM'>
[2025-12-04 15:31:53,561][base_simulator][INFO] - Finished running a simulator of class <class '__main__.Simulator'> -- instance: 1, initial point: a
[2025-12-04 15:33:26,419][base_simulator][INFO] - Running a simulator of class <class '__main__.Simulator'> -- instance: 1, initial point: a
[2025-12-04 15:33:26,710][base_simulator][INFO] - Running a problem coordinator of class <class 'coordinator.Coordinator'>
[2025-12-04 15:33:26,712][base_simulator][INFO] - Finished running a problem coordinator of class <class 'coordinator.Coordinator'>
[2025-12-04 15:33:26,714][base_simulator][INFO] - Running a solver of class <class 'RALM.RALM'>
[2025-12-04 15:33:54,519][base_simulator][INFO] - Finished running a solver of class <class 'RALM.RALM'>
[2025-12-04 15:33:54,520][base_simulator][INFO] - Running a solver of class <class 'RIPM.RIPM'>
[2025-12-04 15:37:55,047][base_simulator][INFO] - Finished running a solver of class <class 'RIPM.RIPM'>
[2025-12-04 15:37:55,050][base_simulator][INFO] - Running a solver of class <class 'RSQO.RSQO'>
[2025-12-04 15:41:56,807][base_simulator][INFO] - Finished running a solver of class <class 'RSQO.RSQO'>
[2025-12-04 15:41:56,809][base_simulator][INFO] - Running a solver of class <class 'RIPTRM.RIPTRM'>
[2025-12-04 15:46:12,591][base_simulator][INFO] - Finished running a solver of class <class 'RIPTRM.RIPTRM'>
[2025-12-04 15:46:12,591][base_simulator][INFO] - Finished running a simulator of class <class '__main__.Simulator'> -- instance: 1, initial point: a
[2025-12-04 15:47:35,997][base_simulator][INFO] - Running a simulator of class <class '__main__.Simulator'> -- instance: 1, initial point: a
[2025-12-04 15:47:36,302][base_simulator][INFO] - Running a problem coordinator of class <class 'coordinator.Coordinator'>
[2025-12-04 15:47:36,304][base_simulator][INFO] - Finished running a problem coordinator of class <class 'coordinator.Coordinator'>
[2025-12-04 15:47:36,308][base_simulator][INFO] - Running a solver of class <class 'RSQO.RSQO'>
[2025-12-04 15:51:38,176][base_simulator][INFO] - Finished running a solver of class <class 'RSQO.RSQO'>
[2025-12-04 15:51:38,178][base_simulator][INFO] - Running a solver of class <class 'RIPTRM.RIPTRM'>
[2025-12-04 15:55:39,405][base_simulator][INFO] - Finished running a solver of class <class 'RIPTRM.RIPTRM'>
[2025-12-04 15:55:39,405][base_simulator][INFO] - Finished running a simulator of class <class '__main__.Simulator'> -- instance: 1, initial point: a
